/scratch/s6125565/coli_final_project/nanoGPT_CoLi/train.py:196: FutureWarning: `torch.cuda.amp.GradScaler(args...)` is deprecated. Please use `torch.amp.GradScaler('cuda', args...)` instead.
  scaler = torch.cuda.amp.GradScaler(enabled=(dtype == 'float16'))
Overriding config with config/train_reddit_clean.py:
# train a miniature character-level semeval-tweet model
# good for debugging and playing on macbooks and such

out_dir = 'out-reddit-clean'
eval_interval = 250 # keep frequent because we'll overfit
eval_iters = 200
log_interval = 10 # don't print too too often

# we expect to overfit on this small dataset, so only save when val improves
always_save_checkpoint = False

wandb_log = False # override via command line if you like
wandb_project = 'reddit-clean'
wandb_run_name = 'mini-gpt'

dataset = 'reddit_clean_text'
gradient_accumulation_steps = 1
batch_size = 64
block_size = 256 # context of up to 256 previous characters

# baby GPT model :)
n_layer = 6
n_head = 6
n_embd = 384
dropout = 0.2

learning_rate = 1e-3 # with baby networks can afford to go a bit higher
max_iters = 5000
lr_decay_iters = 5000 # make equal to max_iters usually
min_lr = 1e-4 # learning_rate / 10 usually
beta2 = 0.99 # make a bit bigger because number of tokens per iter is small

warmup_iters = 100 # not super necessary potentially

# on macbook also add
# device = 'cpu'  # run on cpu only
# compile = False # do not torch compile the model

Overriding: device = cpu
Overriding: compile = False
Overriding: eval_iters = 20
Overriding: log_interval = 1
Overriding: block_size = 64
Overriding: batch_size = 12
Overriding: n_layer = 4
Overriding: n_head = 4
Overriding: n_embd = 128
Overriding: max_iters = 2000
Overriding: lr_decay_iters = 2000
Overriding: dropout = 0.0
tokens per iteration will be: 768
found vocab_size = 169 (inside data/reddit_clean_text/meta.pkl)
Initializing a new model from scratch
number of parameters: 0.81M
num decayed parameter tensors: 18, with 816,256 parameters
num non-decayed parameter tensors: 9, with 1,152 parameters
using fused AdamW: False
step 0: train loss 5.1721, val loss 5.1705
iter 0: loss 5.1825, time 594.03ms, mfu -100.00%
iter 1: loss 5.1412, time 49.07ms, mfu -100.00%
iter 2: loss 5.1048, time 42.79ms, mfu -100.00%
iter 3: loss 5.0495, time 41.08ms, mfu -100.00%
iter 4: loss 4.9742, time 41.99ms, mfu -100.00%
iter 5: loss 4.8981, time 41.58ms, mfu 0.03%
iter 6: loss 4.7909, time 44.53ms, mfu 0.03%
iter 7: loss 4.7010, time 41.24ms, mfu 0.03%
iter 8: loss 4.6600, time 41.52ms, mfu 0.03%
iter 9: loss 4.5658, time 41.22ms, mfu 0.03%
iter 10: loss 4.5206, time 41.97ms, mfu 0.03%
iter 11: loss 4.4924, time 41.08ms, mfu 0.03%
iter 12: loss 4.4772, time 42.26ms, mfu 0.03%
iter 13: loss 4.4418, time 41.44ms, mfu 0.03%
iter 14: loss 4.4052, time 40.99ms, mfu 0.03%
iter 15: loss 4.3989, time 41.77ms, mfu 0.03%
iter 16: loss 4.3691, time 44.85ms, mfu 0.03%
iter 17: loss 4.3402, time 46.36ms, mfu 0.03%
iter 18: loss 4.3016, time 41.23ms, mfu 0.03%
iter 19: loss 4.2478, time 40.58ms, mfu 0.03%
iter 20: loss 4.2431, time 40.76ms, mfu 0.03%
iter 21: loss 4.1906, time 43.25ms, mfu 0.03%
iter 22: loss 4.2076, time 42.19ms, mfu 0.03%
iter 23: loss 4.1296, time 41.68ms, mfu 0.03%
iter 24: loss 4.1364, time 41.23ms, mfu 0.03%
iter 25: loss 4.0771, time 41.39ms, mfu 0.03%
iter 26: loss 4.0133, time 40.64ms, mfu 0.03%
iter 27: loss 4.0172, time 41.46ms, mfu 0.03%
iter 28: loss 3.9712, time 42.29ms, mfu 0.03%
iter 29: loss 3.8810, time 41.45ms, mfu 0.03%
iter 30: loss 3.8267, time 41.86ms, mfu 0.03%
iter 31: loss 3.8476, time 43.71ms, mfu 0.03%
iter 32: loss 3.7519, time 44.66ms, mfu 0.03%
iter 33: loss 3.7387, time 47.84ms, mfu 0.03%
iter 34: loss 3.6491, time 43.84ms, mfu 0.03%
iter 35: loss 3.6687, time 43.08ms, mfu 0.03%
iter 36: loss 3.5766, time 44.53ms, mfu 0.03%
iter 37: loss 3.5305, time 44.31ms, mfu 0.03%
iter 38: loss 3.4827, time 48.86ms, mfu 0.03%
iter 39: loss 3.5416, time 44.49ms, mfu 0.03%
iter 40: loss 3.4486, time 44.21ms, mfu 0.03%
iter 41: loss 3.4118, time 44.54ms, mfu 0.03%
iter 42: loss 3.3482, time 42.82ms, mfu 0.03%
iter 43: loss 3.3555, time 41.61ms, mfu 0.03%
iter 44: loss 3.3047, time 42.33ms, mfu 0.03%
iter 45: loss 3.3347, time 42.11ms, mfu 0.03%
iter 46: loss 3.2584, time 42.24ms, mfu 0.03%
iter 47: loss 3.1477, time 44.57ms, mfu 0.03%
iter 48: loss 3.1572, time 41.73ms, mfu 0.03%
iter 49: loss 3.1712, time 41.93ms, mfu 0.03%
iter 50: loss 3.0562, time 44.20ms, mfu 0.03%
iter 51: loss 3.0519, time 45.43ms, mfu 0.03%
iter 52: loss 3.0749, time 60.96ms, mfu 0.03%
iter 53: loss 3.0575, time 64.69ms, mfu 0.03%
iter 54: loss 2.9978, time 106.26ms, mfu 0.03%
iter 55: loss 3.0089, time 78.62ms, mfu 0.03%
iter 56: loss 3.0505, time 68.96ms, mfu 0.02%
iter 57: loss 2.9461, time 44.83ms, mfu 0.03%
iter 58: loss 2.9464, time 44.17ms, mfu 0.03%
iter 59: loss 2.9360, time 44.01ms, mfu 0.03%
iter 60: loss 2.8938, time 45.58ms, mfu 0.03%
iter 61: loss 3.0577, time 47.57ms, mfu 0.03%
iter 62: loss 2.8111, time 43.61ms, mfu 0.03%
iter 63: loss 2.7470, time 44.13ms, mfu 0.03%
iter 64: loss 2.8890, time 43.86ms, mfu 0.03%
iter 65: loss 2.8253, time 43.72ms, mfu 0.03%
iter 66: loss 2.9515, time 43.97ms, mfu 0.03%
iter 67: loss 2.9609, time 42.94ms, mfu 0.03%
iter 68: loss 2.8372, time 43.62ms, mfu 0.03%
iter 69: loss 2.7762, time 44.27ms, mfu 0.03%
iter 70: loss 2.8263, time 44.99ms, mfu 0.03%
iter 71: loss 2.7728, time 45.43ms, mfu 0.03%
iter 72: loss 2.7836, time 44.51ms, mfu 0.03%
iter 73: loss 2.7459, time 64.55ms, mfu 0.03%
iter 74: loss 2.8004, time 72.14ms, mfu 0.03%
iter 75: loss 2.7134, time 45.48ms, mfu 0.03%
iter 76: loss 2.7772, time 44.73ms, mfu 0.03%
iter 77: loss 2.7914, time 44.66ms, mfu 0.03%
iter 78: loss 2.6872, time 43.90ms, mfu 0.03%
iter 79: loss 2.7580, time 44.69ms, mfu 0.03%
iter 80: loss 2.8352, time 44.03ms, mfu 0.03%
iter 81: loss 2.7073, time 44.04ms, mfu 0.03%
iter 82: loss 2.8219, time 44.17ms, mfu 0.03%
iter 83: loss 2.7372, time 44.12ms, mfu 0.03%
iter 84: loss 2.7204, time 43.20ms, mfu 0.03%
iter 85: loss 2.7296, time 44.72ms, mfu 0.03%
iter 86: loss 2.7182, time 44.24ms, mfu 0.03%
iter 87: loss 2.7948, time 45.26ms, mfu 0.03%
iter 88: loss 2.7041, time 45.22ms, mfu 0.03%
iter 89: loss 2.7020, time 44.45ms, mfu 0.03%
iter 90: loss 2.7166, time 45.74ms, mfu 0.03%
iter 91: loss 2.5810, time 45.66ms, mfu 0.03%
iter 92: loss 2.6346, time 45.84ms, mfu 0.03%
iter 93: loss 2.6931, time 45.22ms, mfu 0.03%
iter 94: loss 2.6682, time 45.29ms, mfu 0.03%
iter 95: loss 2.7824, time 45.23ms, mfu 0.03%
iter 96: loss 2.6877, time 54.73ms, mfu 0.03%
iter 97: loss 2.6351, time 47.38ms, mfu 0.03%
iter 98: loss 2.6483, time 47.36ms, mfu 0.03%
iter 99: loss 2.8070, time 44.44ms, mfu 0.03%
iter 100: loss 2.6529, time 44.34ms, mfu 0.03%
iter 101: loss 2.6249, time 44.77ms, mfu 0.03%
iter 102: loss 2.7264, time 46.06ms, mfu 0.03%
iter 103: loss 2.6303, time 45.19ms, mfu 0.03%
iter 104: loss 2.6812, time 45.29ms, mfu 0.03%
iter 105: loss 2.6262, time 44.62ms, mfu 0.03%
iter 106: loss 2.7026, time 45.00ms, mfu 0.03%
iter 107: loss 2.6240, time 45.31ms, mfu 0.03%
iter 108: loss 2.6719, time 45.08ms, mfu 0.03%
iter 109: loss 2.5731, time 44.18ms, mfu 0.03%
iter 110: loss 2.6371, time 44.12ms, mfu 0.03%
iter 111: loss 2.6196, time 43.92ms, mfu 0.03%
iter 112: loss 2.6401, time 44.57ms, mfu 0.03%
iter 113: loss 2.6029, time 47.77ms, mfu 0.03%
iter 114: loss 2.6132, time 46.19ms, mfu 0.03%
iter 115: loss 2.6818, time 45.68ms, mfu 0.03%
iter 116: loss 2.5568, time 45.82ms, mfu 0.03%
iter 117: loss 2.6556, time 45.40ms, mfu 0.03%
iter 118: loss 2.6050, time 44.82ms, mfu 0.03%
iter 119: loss 2.7717, time 44.94ms, mfu 0.03%
iter 120: loss 2.6229, time 46.29ms, mfu 0.03%
iter 121: loss 2.6819, time 44.81ms, mfu 0.03%
iter 122: loss 2.6877, time 45.16ms, mfu 0.03%
iter 123: loss 2.6231, time 45.27ms, mfu 0.03%
iter 124: loss 2.6687, time 45.40ms, mfu 0.03%
iter 125: loss 2.6295, time 44.46ms, mfu 0.03%
iter 126: loss 2.7094, time 45.42ms, mfu 0.03%
iter 127: loss 2.6771, time 45.40ms, mfu 0.03%
iter 128: loss 2.5982, time 45.10ms, mfu 0.03%
iter 129: loss 2.4853, time 44.59ms, mfu 0.03%
iter 130: loss 2.5116, time 45.61ms, mfu 0.03%
iter 131: loss 2.6522, time 95.37ms, mfu 0.03%
iter 132: loss 2.6618, time 101.87ms, mfu 0.03%
iter 133: loss 2.5698, time 92.97ms, mfu 0.02%
iter 134: loss 2.5333, time 49.40ms, mfu 0.02%
iter 135: loss 2.6501, time 45.15ms, mfu 0.03%
iter 136: loss 2.5786, time 45.01ms, mfu 0.03%
iter 137: loss 2.5851, time 63.05ms, mfu 0.02%
iter 138: loss 2.6285, time 47.54ms, mfu 0.03%
iter 139: loss 2.5623, time 47.78ms, mfu 0.03%
iter 140: loss 2.5976, time 45.33ms, mfu 0.03%
iter 141: loss 2.6549, time 45.13ms, mfu 0.03%
iter 142: loss 2.6124, time 44.49ms, mfu 0.03%
iter 143: loss 2.8006, time 44.26ms, mfu 0.03%
iter 144: loss 2.6097, time 44.75ms, mfu 0.03%
iter 145: loss 2.6930, time 45.47ms, mfu 0.03%
iter 146: loss 2.5937, time 44.89ms, mfu 0.03%
iter 147: loss 2.6631, time 43.87ms, mfu 0.03%
iter 148: loss 2.6531, time 44.47ms, mfu 0.03%
iter 149: loss 2.5474, time 44.68ms, mfu 0.03%
iter 150: loss 2.5607, time 44.88ms, mfu 0.03%
iter 151: loss 2.5413, time 44.10ms, mfu 0.03%
iter 152: loss 2.6380, time 51.96ms, mfu 0.03%
iter 153: loss 2.4998, time 47.79ms, mfu 0.03%
iter 154: loss 2.5786, time 48.20ms, mfu 0.03%
iter 155: loss 2.5535, time 46.83ms, mfu 0.03%
iter 156: loss 2.6370, time 45.47ms, mfu 0.03%
iter 157: loss 2.6567, time 44.95ms, mfu 0.03%
iter 158: loss 2.5380, time 63.08ms, mfu 0.03%
iter 159: loss 2.6900, time 89.47ms, mfu 0.03%
iter 160: loss 2.5272, time 52.86ms, mfu 0.03%
iter 161: loss 2.5161, time 50.63ms, mfu 0.03%
iter 162: loss 2.6391, time 44.87ms, mfu 0.03%
iter 163: loss 2.7052, time 44.03ms, mfu 0.03%
iter 164: loss 2.7338, time 44.44ms, mfu 0.03%
iter 165: loss 2.5471, time 43.81ms, mfu 0.03%
iter 166: loss 2.6455, time 44.50ms, mfu 0.03%
iter 167: loss 2.5687, time 45.30ms, mfu 0.03%
iter 168: loss 2.5584, time 45.90ms, mfu 0.03%
iter 169: loss 2.6242, time 44.71ms, mfu 0.03%
iter 170: loss 2.5194, time 45.00ms, mfu 0.03%
iter 171: loss 2.5327, time 45.57ms, mfu 0.03%
iter 172: loss 2.5497, time 44.48ms, mfu 0.03%
iter 173: loss 2.5762, time 45.26ms, mfu 0.03%
iter 174: loss 2.5898, time 45.34ms, mfu 0.03%
iter 175: loss 2.5790, time 45.32ms, mfu 0.03%
iter 176: loss 2.6404, time 45.17ms, mfu 0.03%
iter 177: loss 2.5949, time 44.38ms, mfu 0.03%
iter 178: loss 2.5429, time 44.26ms, mfu 0.03%
iter 179: loss 2.5946, time 44.93ms, mfu 0.03%
iter 180: loss 2.6101, time 44.61ms, mfu 0.03%
iter 181: loss 2.5537, time 44.21ms, mfu 0.03%
iter 182: loss 2.5514, time 46.05ms, mfu 0.03%
iter 183: loss 2.5704, time 45.33ms, mfu 0.03%
iter 184: loss 2.5391, time 50.52ms, mfu 0.03%
iter 185: loss 2.5419, time 48.79ms, mfu 0.03%
iter 186: loss 2.5756, time 47.41ms, mfu 0.03%
iter 187: loss 2.6182, time 44.77ms, mfu 0.03%
iter 188: loss 2.6561, time 45.31ms, mfu 0.03%
iter 189: loss 2.6051, time 45.43ms, mfu 0.03%
iter 190: loss 2.5047, time 44.67ms, mfu 0.03%
iter 191: loss 2.5475, time 44.76ms, mfu 0.03%
iter 192: loss 2.6530, time 44.43ms, mfu 0.03%
iter 193: loss 2.5898, time 44.59ms, mfu 0.03%
iter 194: loss 2.6139, time 44.82ms, mfu 0.03%
iter 195: loss 2.5841, time 45.95ms, mfu 0.03%
iter 196: loss 2.6673, time 45.45ms, mfu 0.03%
iter 197: loss 2.5551, time 45.26ms, mfu 0.03%
iter 198: loss 2.5516, time 44.57ms, mfu 0.03%
iter 199: loss 2.5662, time 44.71ms, mfu 0.03%
iter 200: loss 2.5561, time 44.99ms, mfu 0.03%
iter 201: loss 2.5355, time 45.40ms, mfu 0.03%
iter 202: loss 2.4679, time 44.09ms, mfu 0.03%
iter 203: loss 2.6389, time 44.86ms, mfu 0.03%
iter 204: loss 2.5441, time 44.97ms, mfu 0.03%
iter 205: loss 2.6534, time 45.42ms, mfu 0.03%
iter 206: loss 2.5463, time 44.78ms, mfu 0.03%
iter 207: loss 2.5575, time 44.54ms, mfu 0.03%
iter 208: loss 2.5059, time 45.03ms, mfu 0.03%
iter 209: loss 2.5016, time 76.07ms, mfu 0.03%
iter 210: loss 2.6978, time 113.74ms, mfu 0.03%
iter 211: loss 2.6305, time 76.47ms, mfu 0.02%
iter 212: loss 2.5593, time 66.91ms, mfu 0.02%
iter 213: loss 2.5232, time 45.38ms, mfu 0.02%
iter 214: loss 2.6644, time 44.28ms, mfu 0.03%
iter 215: loss 2.4644, time 46.44ms, mfu 0.03%
iter 216: loss 2.5616, time 43.90ms, mfu 0.03%
iter 217: loss 2.4803, time 45.44ms, mfu 0.03%
iter 218: loss 2.5599, time 45.64ms, mfu 0.03%
iter 219: loss 2.4877, time 43.64ms, mfu 0.03%
iter 220: loss 2.5561, time 43.08ms, mfu 0.03%
iter 221: loss 2.7011, time 43.19ms, mfu 0.03%
iter 222: loss 2.4771, time 43.77ms, mfu 0.03%
iter 223: loss 2.5608, time 43.39ms, mfu 0.03%
iter 224: loss 2.4971, time 43.71ms, mfu 0.03%
iter 225: loss 2.5603, time 46.08ms, mfu 0.03%
iter 226: loss 2.4961, time 55.79ms, mfu 0.03%
iter 227: loss 2.5410, time 46.46ms, mfu 0.03%
iter 228: loss 2.6150, time 44.96ms, mfu 0.03%
iter 229: loss 2.5071, time 44.04ms, mfu 0.03%
iter 230: loss 2.4728, time 44.89ms, mfu 0.03%
iter 231: loss 2.5235, time 47.82ms, mfu 0.03%
iter 232: loss 2.5044, time 48.31ms, mfu 0.03%
iter 233: loss 2.4369, time 43.69ms, mfu 0.03%
iter 234: loss 2.5632, time 45.02ms, mfu 0.03%
iter 235: loss 2.5886, time 46.33ms, mfu 0.03%
iter 236: loss 2.5148, time 45.41ms, mfu 0.03%
iter 237: loss 2.5111, time 47.11ms, mfu 0.03%
iter 238: loss 2.5166, time 44.64ms, mfu 0.03%
iter 239: loss 2.4885, time 44.24ms, mfu 0.03%
iter 240: loss 2.6007, time 44.84ms, mfu 0.03%
iter 241: loss 2.5601, time 43.59ms, mfu 0.03%
iter 242: loss 2.5354, time 45.74ms, mfu 0.03%
iter 243: loss 2.4010, time 45.06ms, mfu 0.03%
iter 244: loss 2.5713, time 46.07ms, mfu 0.03%
iter 245: loss 2.6018, time 46.99ms, mfu 0.03%
iter 246: loss 2.5413, time 45.83ms, mfu 0.03%
iter 247: loss 2.4776, time 45.76ms, mfu 0.03%
iter 248: loss 2.5081, time 46.04ms, mfu 0.03%
iter 249: loss 2.5623, time 47.59ms, mfu 0.03%
step 250: train loss 2.5306, val loss 2.5308
saving checkpoint to out-reddit-clean
iter 250: loss 2.5937, time 667.68ms, mfu 0.03%
iter 251: loss 2.6235, time 85.95ms, mfu 0.02%
iter 252: loss 2.4775, time 52.16ms, mfu 0.02%
iter 253: loss 2.5146, time 50.14ms, mfu 0.02%
iter 254: loss 2.5869, time 45.56ms, mfu 0.02%
iter 255: loss 2.6109, time 44.74ms, mfu 0.03%
iter 256: loss 2.5453, time 45.37ms, mfu 0.03%
iter 257: loss 2.5040, time 46.17ms, mfu 0.03%
iter 258: loss 2.5115, time 46.14ms, mfu 0.03%
iter 259: loss 2.5074, time 46.78ms, mfu 0.03%
iter 260: loss 2.4672, time 45.67ms, mfu 0.03%
iter 261: loss 2.4962, time 45.26ms, mfu 0.03%
iter 262: loss 2.5732, time 45.47ms, mfu 0.03%
iter 263: loss 2.5586, time 45.72ms, mfu 0.03%
iter 264: loss 2.5685, time 46.62ms, mfu 0.03%
iter 265: loss 2.5526, time 44.89ms, mfu 0.03%
iter 266: loss 2.4606, time 44.64ms, mfu 0.03%
iter 267: loss 2.5353, time 45.20ms, mfu 0.03%
iter 268: loss 2.6067, time 45.31ms, mfu 0.03%
iter 269: loss 2.5293, time 45.13ms, mfu 0.03%
iter 270: loss 2.4947, time 44.83ms, mfu 0.03%
iter 271: loss 2.5575, time 45.59ms, mfu 0.03%
iter 272: loss 2.4959, time 47.48ms, mfu 0.03%
iter 273: loss 2.5223, time 46.72ms, mfu 0.03%
iter 274: loss 2.5035, time 44.15ms, mfu 0.03%
iter 275: loss 2.5229, time 44.58ms, mfu 0.03%
iter 276: loss 2.4829, time 106.41ms, mfu 0.03%
iter 277: loss 2.4570, time 107.74ms, mfu 0.03%
iter 278: loss 2.5454, time 87.82ms, mfu 0.02%
iter 279: loss 2.5239, time 49.38ms, mfu 0.02%
iter 280: loss 2.4791, time 45.03ms, mfu 0.02%
iter 281: loss 2.5174, time 46.21ms, mfu 0.02%
iter 282: loss 2.5128, time 44.69ms, mfu 0.03%
iter 283: loss 2.4808, time 45.44ms, mfu 0.03%
iter 284: loss 2.3550, time 44.87ms, mfu 0.03%
iter 285: loss 2.4528, time 44.46ms, mfu 0.03%
iter 286: loss 2.4118, time 45.95ms, mfu 0.03%
iter 287: loss 2.4147, time 44.99ms, mfu 0.03%
iter 288: loss 2.5005, time 46.63ms, mfu 0.03%
iter 289: loss 2.5278, time 45.46ms, mfu 0.03%
iter 290: loss 2.5270, time 43.21ms, mfu 0.03%
iter 291: loss 2.4744, time 43.31ms, mfu 0.03%
iter 292: loss 2.6288, time 42.96ms, mfu 0.03%
iter 293: loss 2.4979, time 42.89ms, mfu 0.03%
iter 294: loss 2.5682, time 42.49ms, mfu 0.03%
iter 295: loss 2.5310, time 43.15ms, mfu 0.03%
iter 296: loss 2.5454, time 42.70ms, mfu 0.03%
iter 297: loss 2.4743, time 43.86ms, mfu 0.03%
iter 298: loss 2.5336, time 43.60ms, mfu 0.03%
iter 299: loss 2.4560, time 43.80ms, mfu 0.03%
iter 300: loss 2.5752, time 45.47ms, mfu 0.03%
iter 301: loss 2.5040, time 45.19ms, mfu 0.03%
iter 302: loss 2.3768, time 44.81ms, mfu 0.03%
iter 303: loss 2.5651, time 44.65ms, mfu 0.03%
iter 304: loss 2.5817, time 45.40ms, mfu 0.03%
iter 305: loss 2.5580, time 44.23ms, mfu 0.03%
iter 306: loss 2.5690, time 44.51ms, mfu 0.03%
iter 307: loss 2.4408, time 49.47ms, mfu 0.03%
iter 308: loss 2.4155, time 51.01ms, mfu 0.03%
iter 309: loss 2.4355, time 45.05ms, mfu 0.03%
iter 310: loss 2.3944, time 50.94ms, mfu 0.03%
iter 311: loss 2.3082, time 46.47ms, mfu 0.03%
iter 312: loss 2.4891, time 48.14ms, mfu 0.03%
iter 313: loss 2.4793, time 46.12ms, mfu 0.03%
iter 314: loss 2.4370, time 45.12ms, mfu 0.03%
iter 315: loss 2.6056, time 45.75ms, mfu 0.03%
iter 316: loss 2.4985, time 45.15ms, mfu 0.03%
iter 317: loss 2.6937, time 45.69ms, mfu 0.03%
iter 318: loss 2.4021, time 44.95ms, mfu 0.03%
iter 319: loss 2.4502, time 45.48ms, mfu 0.03%
iter 320: loss 2.4834, time 45.15ms, mfu 0.03%
iter 321: loss 2.4034, time 48.60ms, mfu 0.03%
iter 322: loss 2.4227, time 48.44ms, mfu 0.03%
iter 323: loss 2.5347, time 44.90ms, mfu 0.03%
iter 324: loss 2.5281, time 45.66ms, mfu 0.03%
iter 325: loss 2.5104, time 45.75ms, mfu 0.03%
iter 326: loss 2.4061, time 45.58ms, mfu 0.03%
iter 327: loss 2.3885, time 44.66ms, mfu 0.03%
iter 328: loss 2.4551, time 46.08ms, mfu 0.03%
iter 329: loss 2.4215, time 46.27ms, mfu 0.03%
iter 330: loss 2.4622, time 44.08ms, mfu 0.03%
iter 331: loss 2.4295, time 45.64ms, mfu 0.03%
iter 332: loss 2.4931, time 44.78ms, mfu 0.03%
iter 333: loss 2.3742, time 47.23ms, mfu 0.03%
iter 334: loss 2.4113, time 46.55ms, mfu 0.03%
iter 335: loss 2.4038, time 46.32ms, mfu 0.03%
iter 336: loss 2.5290, time 46.13ms, mfu 0.03%
iter 337: loss 2.5350, time 46.18ms, mfu 0.03%
iter 338: loss 2.4494, time 45.60ms, mfu 0.03%
iter 339: loss 2.3653, time 45.97ms, mfu 0.03%
iter 340: loss 2.4494, time 45.53ms, mfu 0.03%
iter 341: loss 2.5017, time 46.28ms, mfu 0.03%
iter 342: loss 2.5295, time 48.21ms, mfu 0.03%
iter 343: loss 2.5398, time 46.25ms, mfu 0.03%
iter 344: loss 2.4154, time 46.52ms, mfu 0.03%
iter 345: loss 2.3644, time 45.73ms, mfu 0.03%
iter 346: loss 2.3176, time 45.86ms, mfu 0.03%
iter 347: loss 2.4208, time 46.65ms, mfu 0.03%
iter 348: loss 2.5067, time 45.27ms, mfu 0.03%
iter 349: loss 2.4663, time 44.40ms, mfu 0.03%
iter 350: loss 2.3913, time 45.06ms, mfu 0.03%
iter 351: loss 2.4324, time 47.76ms, mfu 0.03%
iter 352: loss 2.4517, time 45.69ms, mfu 0.03%
iter 353: loss 2.4325, time 45.04ms, mfu 0.03%
iter 354: loss 2.3797, time 47.24ms, mfu 0.03%
iter 355: loss 2.3798, time 59.51ms, mfu 0.03%
iter 356: loss 2.3776, time 73.78ms, mfu 0.03%
iter 357: loss 2.4382, time 55.39ms, mfu 0.03%
iter 358: loss 2.4338, time 75.72ms, mfu 0.03%
iter 359: loss 2.3806, time 102.34ms, mfu 0.02%
iter 360: loss 2.4676, time 90.09ms, mfu 0.02%
iter 361: loss 2.4592, time 67.54ms, mfu 0.02%
iter 362: loss 2.3975, time 45.29ms, mfu 0.02%
iter 363: loss 2.4844, time 45.47ms, mfu 0.02%
iter 364: loss 2.5432, time 44.82ms, mfu 0.02%
iter 365: loss 2.5082, time 46.47ms, mfu 0.02%
iter 366: loss 2.4623, time 46.02ms, mfu 0.02%
iter 367: loss 2.4140, time 45.95ms, mfu 0.03%
iter 368: loss 2.3756, time 45.85ms, mfu 0.03%
iter 369: loss 2.5241, time 45.76ms, mfu 0.03%
iter 370: loss 2.4028, time 46.21ms, mfu 0.03%
iter 371: loss 2.4467, time 46.44ms, mfu 0.03%
iter 372: loss 2.3829, time 48.70ms, mfu 0.03%
iter 373: loss 2.4034, time 46.03ms, mfu 0.03%
iter 374: loss 2.3236, time 46.01ms, mfu 0.03%
iter 375: loss 2.5519, time 45.21ms, mfu 0.03%
iter 376: loss 2.4484, time 45.01ms, mfu 0.03%
iter 377: loss 2.4552, time 48.55ms, mfu 0.03%
iter 378: loss 2.4384, time 49.70ms, mfu 0.03%
iter 379: loss 2.4378, time 46.12ms, mfu 0.03%
iter 380: loss 2.3690, time 45.89ms, mfu 0.03%
iter 381: loss 2.5115, time 44.81ms, mfu 0.03%
iter 382: loss 2.4379, time 45.07ms, mfu 0.03%
iter 383: loss 2.4492, time 47.94ms, mfu 0.03%
iter 384: loss 2.3888, time 45.41ms, mfu 0.03%
iter 385: loss 2.4256, time 45.67ms, mfu 0.03%
iter 386: loss 2.4252, time 45.27ms, mfu 0.03%
iter 387: loss 2.3739, time 45.39ms, mfu 0.03%
iter 388: loss 2.3643, time 45.77ms, mfu 0.03%
iter 389: loss 2.4170, time 46.28ms, mfu 0.03%
iter 390: loss 2.5157, time 44.42ms, mfu 0.03%
iter 391: loss 2.4091, time 44.63ms, mfu 0.03%
iter 392: loss 2.4490, time 44.45ms, mfu 0.03%
iter 393: loss 2.4449, time 44.41ms, mfu 0.03%
iter 394: loss 2.4099, time 47.19ms, mfu 0.03%
iter 395: loss 2.5025, time 44.86ms, mfu 0.03%
iter 396: loss 2.4053, time 44.80ms, mfu 0.03%
iter 397: loss 2.3198, time 44.43ms, mfu 0.03%
iter 398: loss 2.3206, time 44.27ms, mfu 0.03%
iter 399: loss 2.4415, time 46.12ms, mfu 0.03%
iter 400: loss 2.4383, time 46.25ms, mfu 0.03%
iter 401: loss 2.4190, time 45.68ms, mfu 0.03%
iter 402: loss 2.4009, time 45.85ms, mfu 0.03%
iter 403: loss 2.4067, time 45.77ms, mfu 0.03%
iter 404: loss 2.4746, time 46.49ms, mfu 0.03%
iter 405: loss 2.3084, time 46.57ms, mfu 0.03%
iter 406: loss 2.3769, time 45.90ms, mfu 0.03%
iter 407: loss 2.3513, time 46.91ms, mfu 0.03%
iter 408: loss 2.4535, time 46.37ms, mfu 0.03%
iter 409: loss 2.3090, time 46.36ms, mfu 0.03%
iter 410: loss 2.4652, time 46.00ms, mfu 0.03%
iter 411: loss 2.5174, time 46.30ms, mfu 0.03%
iter 412: loss 2.6107, time 46.14ms, mfu 0.03%
iter 413: loss 2.5209, time 45.95ms, mfu 0.03%
iter 414: loss 2.4572, time 46.24ms, mfu 0.03%
iter 415: loss 2.3971, time 46.66ms, mfu 0.03%
iter 416: loss 2.3709, time 46.84ms, mfu 0.03%
iter 417: loss 2.4327, time 46.51ms, mfu 0.03%
iter 418: loss 2.2743, time 46.34ms, mfu 0.03%
iter 419: loss 2.4850, time 47.55ms, mfu 0.03%
iter 420: loss 2.3127, time 45.35ms, mfu 0.03%
iter 421: loss 2.4121, time 45.86ms, mfu 0.03%
iter 422: loss 2.3264, time 45.93ms, mfu 0.03%
iter 423: loss 2.4111, time 44.00ms, mfu 0.03%
iter 424: loss 2.3336, time 44.71ms, mfu 0.03%
iter 425: loss 2.4254, time 44.88ms, mfu 0.03%
iter 426: loss 2.3210, time 45.78ms, mfu 0.03%
iter 427: loss 2.3532, time 46.05ms, mfu 0.03%
iter 428: loss 2.2876, time 46.93ms, mfu 0.03%
iter 429: loss 2.4288, time 46.69ms, mfu 0.03%
iter 430: loss 2.2404, time 57.33ms, mfu 0.03%
iter 431: loss 2.3976, time 45.73ms, mfu 0.03%
iter 432: loss 2.4497, time 45.67ms, mfu 0.03%
iter 433: loss 2.4230, time 46.08ms, mfu 0.03%
iter 434: loss 2.3642, time 46.79ms, mfu 0.03%
iter 435: loss 2.3640, time 47.58ms, mfu 0.03%
iter 436: loss 2.3858, time 47.11ms, mfu 0.03%
iter 437: loss 2.3981, time 47.47ms, mfu 0.03%
iter 438: loss 2.3599, time 48.15ms, mfu 0.03%
iter 439: loss 2.3758, time 46.99ms, mfu 0.03%
iter 440: loss 2.4219, time 46.74ms, mfu 0.03%
iter 441: loss 2.2741, time 46.94ms, mfu 0.03%
iter 442: loss 2.3139, time 67.29ms, mfu 0.03%
iter 443: loss 2.3058, time 83.13ms, mfu 0.03%
iter 444: loss 2.2406, time 100.83ms, mfu 0.02%
iter 445: loss 2.2956, time 103.02ms, mfu 0.02%
iter 446: loss 2.5173, time 47.31ms, mfu 0.02%
iter 447: loss 2.3072, time 47.32ms, mfu 0.02%
iter 448: loss 2.3176, time 47.37ms, mfu 0.02%
iter 449: loss 2.3923, time 50.10ms, mfu 0.02%
iter 450: loss 2.4269, time 47.45ms, mfu 0.02%
iter 451: loss 2.5072, time 46.77ms, mfu 0.02%
iter 452: loss 2.4970, time 45.00ms, mfu 0.03%
iter 453: loss 2.2522, time 46.72ms, mfu 0.03%
iter 454: loss 2.3497, time 46.55ms, mfu 0.03%
iter 455: loss 2.2962, time 45.22ms, mfu 0.03%
iter 456: loss 2.3000, time 48.44ms, mfu 0.03%
iter 457: loss 2.4216, time 50.22ms, mfu 0.03%
iter 458: loss 2.3152, time 46.45ms, mfu 0.03%
iter 459: loss 2.3806, time 46.17ms, mfu 0.03%
iter 460: loss 2.3535, time 45.13ms, mfu 0.03%
iter 461: loss 2.2821, time 46.95ms, mfu 0.03%
iter 462: loss 2.3430, time 46.62ms, mfu 0.03%
iter 463: loss 2.4260, time 45.71ms, mfu 0.03%
iter 464: loss 2.3260, time 45.72ms, mfu 0.03%
iter 465: loss 2.4424, time 44.36ms, mfu 0.03%
iter 466: loss 2.4171, time 44.90ms, mfu 0.03%
iter 467: loss 2.4114, time 43.52ms, mfu 0.03%
iter 468: loss 2.2098, time 44.66ms, mfu 0.03%
iter 469: loss 2.3371, time 45.04ms, mfu 0.03%
iter 470: loss 2.3985, time 46.26ms, mfu 0.03%
iter 471: loss 2.3204, time 44.58ms, mfu 0.03%
iter 472: loss 2.3288, time 43.93ms, mfu 0.03%
iter 473: loss 2.3002, time 43.95ms, mfu 0.03%
iter 474: loss 2.3376, time 44.87ms, mfu 0.03%
iter 475: loss 2.2720, time 44.78ms, mfu 0.03%
iter 476: loss 2.3325, time 43.53ms, mfu 0.03%
iter 477: loss 2.4698, time 43.94ms, mfu 0.03%
iter 478: loss 2.4486, time 43.60ms, mfu 0.03%
iter 479: loss 2.3233, time 43.25ms, mfu 0.03%
iter 480: loss 2.3768, time 44.49ms, mfu 0.03%
iter 481: loss 2.3836, time 45.80ms, mfu 0.03%
iter 482: loss 2.3622, time 45.04ms, mfu 0.03%
iter 483: loss 2.4096, time 44.78ms, mfu 0.03%
iter 484: loss 2.5535, time 44.87ms, mfu 0.03%
iter 485: loss 2.2733, time 58.37ms, mfu 0.03%
iter 486: loss 2.2866, time 53.31ms, mfu 0.03%
iter 487: loss 2.2831, time 48.57ms, mfu 0.03%
iter 488: loss 2.3395, time 54.16ms, mfu 0.03%
iter 489: loss 2.3519, time 49.25ms, mfu 0.03%
iter 490: loss 2.2660, time 46.64ms, mfu 0.03%
iter 491: loss 2.3075, time 43.63ms, mfu 0.03%
iter 492: loss 2.3019, time 44.47ms, mfu 0.03%
iter 493: loss 2.2914, time 45.12ms, mfu 0.03%
iter 494: loss 2.4002, time 44.86ms, mfu 0.03%
iter 495: loss 2.4540, time 42.94ms, mfu 0.03%
iter 496: loss 2.3230, time 43.15ms, mfu 0.03%
iter 497: loss 2.3030, time 44.00ms, mfu 0.03%
iter 498: loss 2.2443, time 43.85ms, mfu 0.03%
iter 499: loss 2.2923, time 46.03ms, mfu 0.03%
step 500: train loss 2.3330, val loss 2.3280
saving checkpoint to out-reddit-clean
iter 500: loss 2.2758, time 658.32ms, mfu 0.03%
iter 501: loss 2.2747, time 46.73ms, mfu 0.03%
iter 502: loss 2.2710, time 46.48ms, mfu 0.03%
iter 503: loss 2.3498, time 46.26ms, mfu 0.03%
iter 504: loss 2.3439, time 43.61ms, mfu 0.03%
iter 505: loss 2.3021, time 42.97ms, mfu 0.03%
iter 506: loss 2.2852, time 43.50ms, mfu 0.03%
iter 507: loss 2.2919, time 43.15ms, mfu 0.03%
iter 508: loss 2.2192, time 43.50ms, mfu 0.03%
iter 509: loss 2.2979, time 43.42ms, mfu 0.03%
iter 510: loss 2.2855, time 45.36ms, mfu 0.03%
iter 511: loss 2.1936, time 45.34ms, mfu 0.03%
iter 512: loss 2.1717, time 46.36ms, mfu 0.03%
iter 513: loss 2.3345, time 44.98ms, mfu 0.03%
iter 514: loss 2.2404, time 46.22ms, mfu 0.03%
iter 515: loss 2.3911, time 45.81ms, mfu 0.03%
iter 516: loss 2.3357, time 44.37ms, mfu 0.03%
iter 517: loss 2.3556, time 72.75ms, mfu 0.03%
iter 518: loss 2.2903, time 84.28ms, mfu 0.03%
iter 519: loss 2.3050, time 98.73ms, mfu 0.02%
iter 520: loss 2.3028, time 84.50ms, mfu 0.02%
iter 521: loss 2.3318, time 45.01ms, mfu 0.02%
iter 522: loss 2.3358, time 43.30ms, mfu 0.02%
iter 523: loss 2.2484, time 42.59ms, mfu 0.03%
iter 524: loss 2.1527, time 42.49ms, mfu 0.03%
iter 525: loss 2.3686, time 44.63ms, mfu 0.03%
iter 526: loss 2.2734, time 43.85ms, mfu 0.03%
iter 527: loss 2.2816, time 42.44ms, mfu 0.03%
iter 528: loss 2.4284, time 43.14ms, mfu 0.03%
iter 529: loss 2.3436, time 43.82ms, mfu 0.03%
iter 530: loss 2.3221, time 45.34ms, mfu 0.03%
iter 531: loss 2.2823, time 47.25ms, mfu 0.03%
iter 532: loss 2.3391, time 44.32ms, mfu 0.03%
iter 533: loss 2.3839, time 43.33ms, mfu 0.03%
iter 534: loss 2.2305, time 45.21ms, mfu 0.03%
iter 535: loss 2.3722, time 43.73ms, mfu 0.03%
iter 536: loss 2.2474, time 43.22ms, mfu 0.03%
iter 537: loss 2.4585, time 44.43ms, mfu 0.03%
iter 538: loss 2.4401, time 46.46ms, mfu 0.03%
iter 539: loss 2.3087, time 45.14ms, mfu 0.03%
iter 540: loss 2.2491, time 44.84ms, mfu 0.03%
iter 541: loss 2.3723, time 43.66ms, mfu 0.03%
iter 542: loss 2.4226, time 46.14ms, mfu 0.03%
iter 543: loss 2.2579, time 45.95ms, mfu 0.03%
iter 544: loss 2.4246, time 45.59ms, mfu 0.03%
iter 545: loss 2.2175, time 44.40ms, mfu 0.03%
iter 546: loss 2.3130, time 46.41ms, mfu 0.03%
iter 547: loss 2.2564, time 44.24ms, mfu 0.03%
iter 548: loss 2.5219, time 43.57ms, mfu 0.03%
iter 549: loss 2.2364, time 43.53ms, mfu 0.03%
iter 550: loss 2.3732, time 43.49ms, mfu 0.03%
iter 551: loss 2.2585, time 43.86ms, mfu 0.03%
iter 552: loss 2.2061, time 43.72ms, mfu 0.03%
iter 553: loss 2.3309, time 44.88ms, mfu 0.03%
iter 554: loss 2.2875, time 43.57ms, mfu 0.03%
iter 555: loss 2.4045, time 43.53ms, mfu 0.03%
iter 556: loss 2.2493, time 44.19ms, mfu 0.03%
iter 557: loss 2.2751, time 43.62ms, mfu 0.03%
iter 558: loss 2.2778, time 43.73ms, mfu 0.03%
iter 559: loss 2.1366, time 45.46ms, mfu 0.03%
iter 560: loss 2.3290, time 44.01ms, mfu 0.03%
iter 561: loss 2.3309, time 43.55ms, mfu 0.03%
iter 562: loss 2.4208, time 43.90ms, mfu 0.03%
iter 563: loss 2.2682, time 45.14ms, mfu 0.03%
iter 564: loss 2.2835, time 44.67ms, mfu 0.03%
iter 565: loss 2.3908, time 44.20ms, mfu 0.03%
iter 566: loss 2.3819, time 43.96ms, mfu 0.03%
iter 567: loss 2.2690, time 45.03ms, mfu 0.03%
iter 568: loss 2.3444, time 43.96ms, mfu 0.03%
iter 569: loss 2.2254, time 43.61ms, mfu 0.03%
iter 570: loss 2.2324, time 43.25ms, mfu 0.03%
iter 571: loss 2.1895, time 43.51ms, mfu 0.03%
iter 572: loss 2.2920, time 43.54ms, mfu 0.03%
iter 573: loss 2.4554, time 44.40ms, mfu 0.03%
iter 574: loss 2.3464, time 43.73ms, mfu 0.03%
iter 575: loss 2.3206, time 43.55ms, mfu 0.03%
iter 576: loss 2.3927, time 43.50ms, mfu 0.03%
iter 577: loss 2.2838, time 48.45ms, mfu 0.03%
iter 578: loss 2.3123, time 44.99ms, mfu 0.03%
iter 579: loss 2.2874, time 56.89ms, mfu 0.03%
iter 580: loss 2.3181, time 47.15ms, mfu 0.03%
iter 581: loss 2.3395, time 44.55ms, mfu 0.03%
iter 582: loss 2.2507, time 45.33ms, mfu 0.03%
iter 583: loss 2.2620, time 43.65ms, mfu 0.03%
iter 584: loss 2.1849, time 44.22ms, mfu 0.03%
iter 585: loss 2.4430, time 45.81ms, mfu 0.03%
iter 586: loss 2.1900, time 44.48ms, mfu 0.03%
iter 587: loss 2.2010, time 43.80ms, mfu 0.03%
iter 588: loss 2.3364, time 43.29ms, mfu 0.03%
iter 589: loss 2.2466, time 44.61ms, mfu 0.03%
iter 590: loss 2.2866, time 44.21ms, mfu 0.03%
iter 591: loss 2.1768, time 43.86ms, mfu 0.03%
iter 592: loss 2.2048, time 44.11ms, mfu 0.03%
iter 593: loss 2.2456, time 44.02ms, mfu 0.03%
iter 594: loss 2.2671, time 43.43ms, mfu 0.03%
iter 595: loss 2.2104, time 45.58ms, mfu 0.03%
iter 596: loss 2.3676, time 46.43ms, mfu 0.03%
iter 597: loss 2.3533, time 45.83ms, mfu 0.03%
iter 598: loss 2.3095, time 46.72ms, mfu 0.03%
iter 599: loss 2.2546, time 45.97ms, mfu 0.03%
iter 600: loss 2.2991, time 45.00ms, mfu 0.03%
iter 601: loss 2.2755, time 65.83ms, mfu 0.03%
iter 602: loss 2.2174, time 71.44ms, mfu 0.03%
iter 603: loss 2.2160, time 51.60ms, mfu 0.03%
iter 604: loss 2.2774, time 49.72ms, mfu 0.03%
iter 605: loss 2.2480, time 47.21ms, mfu 0.03%
iter 606: loss 2.4451, time 45.94ms, mfu 0.03%
iter 607: loss 2.1667, time 71.24ms, mfu 0.03%
iter 608: loss 2.3823, time 47.08ms, mfu 0.03%
iter 609: loss 2.3864, time 189.24ms, mfu 0.02%
iter 610: loss 2.1950, time 74.31ms, mfu 0.02%
iter 611: loss 2.2630, time 58.31ms, mfu 0.02%
iter 612: loss 2.3561, time 44.14ms, mfu 0.02%
iter 613: loss 2.2846, time 43.52ms, mfu 0.02%
iter 614: loss 2.2249, time 43.59ms, mfu 0.03%
iter 615: loss 2.2800, time 44.50ms, mfu 0.03%
iter 616: loss 2.3112, time 44.15ms, mfu 0.03%
iter 617: loss 2.1517, time 45.36ms, mfu 0.03%
iter 618: loss 2.2766, time 43.87ms, mfu 0.03%
iter 619: loss 2.0680, time 43.88ms, mfu 0.03%
iter 620: loss 2.3368, time 43.99ms, mfu 0.03%
iter 621: loss 2.3004, time 45.94ms, mfu 0.03%
iter 622: loss 2.2553, time 47.78ms, mfu 0.03%
iter 623: loss 2.2246, time 48.67ms, mfu 0.03%
iter 624: loss 2.3100, time 47.03ms, mfu 0.03%
iter 625: loss 2.3445, time 45.68ms, mfu 0.03%
iter 626: loss 2.2654, time 45.99ms, mfu 0.03%
iter 627: loss 2.2865, time 44.58ms, mfu 0.03%
iter 628: loss 2.2374, time 44.80ms, mfu 0.03%
iter 629: loss 2.2801, time 44.39ms, mfu 0.03%
iter 630: loss 2.3369, time 45.08ms, mfu 0.03%
iter 631: loss 2.2879, time 43.94ms, mfu 0.03%
iter 632: loss 2.2322, time 44.81ms, mfu 0.03%
iter 633: loss 2.2618, time 45.66ms, mfu 0.03%
iter 634: loss 2.2435, time 43.69ms, mfu 0.03%
iter 635: loss 2.2440, time 43.17ms, mfu 0.03%
iter 636: loss 2.1925, time 48.76ms, mfu 0.03%
iter 637: loss 2.3154, time 44.74ms, mfu 0.03%
iter 638: loss 2.1758, time 43.44ms, mfu 0.03%
iter 639: loss 2.1837, time 44.08ms, mfu 0.03%
iter 640: loss 2.1238, time 46.00ms, mfu 0.03%
iter 641: loss 2.1529, time 44.49ms, mfu 0.03%
iter 642: loss 2.2055, time 43.33ms, mfu 0.03%
iter 643: loss 2.2126, time 43.01ms, mfu 0.03%
iter 644: loss 2.2478, time 42.62ms, mfu 0.03%
iter 645: loss 2.1432, time 42.91ms, mfu 0.03%
iter 646: loss 2.3255, time 43.21ms, mfu 0.03%
iter 647: loss 2.1655, time 44.12ms, mfu 0.03%
iter 648: loss 2.2398, time 47.61ms, mfu 0.03%
iter 649: loss 2.3713, time 44.18ms, mfu 0.03%
iter 650: loss 2.3039, time 49.99ms, mfu 0.03%
iter 651: loss 2.2011, time 48.60ms, mfu 0.03%
iter 652: loss 2.3251, time 45.28ms, mfu 0.03%
iter 653: loss 2.2802, time 46.67ms, mfu 0.03%
iter 654: loss 2.2096, time 45.44ms, mfu 0.03%
iter 655: loss 2.2569, time 45.37ms, mfu 0.03%
iter 656: loss 2.2090, time 45.05ms, mfu 0.03%
iter 657: loss 2.2436, time 44.53ms, mfu 0.03%
iter 658: loss 2.2138, time 47.77ms, mfu 0.03%
iter 659: loss 2.2863, time 47.01ms, mfu 0.03%
iter 660: loss 2.1467, time 45.41ms, mfu 0.03%
iter 661: loss 2.2061, time 46.23ms, mfu 0.03%
iter 662: loss 2.1607, time 45.29ms, mfu 0.03%
iter 663: loss 2.2446, time 45.08ms, mfu 0.03%
iter 664: loss 2.2089, time 44.46ms, mfu 0.03%
iter 665: loss 2.0944, time 44.67ms, mfu 0.03%
iter 666: loss 2.1818, time 43.32ms, mfu 0.03%
iter 667: loss 2.2527, time 44.22ms, mfu 0.03%
iter 668: loss 2.2167, time 43.85ms, mfu 0.03%
iter 669: loss 2.2266, time 43.99ms, mfu 0.03%
iter 670: loss 2.2173, time 45.50ms, mfu 0.03%
iter 671: loss 2.1995, time 46.68ms, mfu 0.03%
iter 672: loss 2.4136, time 45.36ms, mfu 0.03%
iter 673: loss 2.4347, time 44.55ms, mfu 0.03%
iter 674: loss 2.2026, time 86.30ms, mfu 0.03%
iter 675: loss 2.3949, time 48.57ms, mfu 0.03%
iter 676: loss 2.1601, time 47.50ms, mfu 0.03%
iter 677: loss 2.1383, time 46.71ms, mfu 0.03%
iter 678: loss 2.2504, time 45.18ms, mfu 0.03%
iter 679: loss 2.2616, time 45.83ms, mfu 0.03%
iter 680: loss 2.1639, time 44.12ms, mfu 0.03%
iter 681: loss 2.2545, time 45.65ms, mfu 0.03%
iter 682: loss 2.0686, time 45.50ms, mfu 0.03%
iter 683: loss 2.2790, time 46.08ms, mfu 0.03%
iter 684: loss 2.1925, time 48.46ms, mfu 0.03%
iter 685: loss 2.2927, time 44.43ms, mfu 0.03%
iter 686: loss 2.2093, time 45.19ms, mfu 0.03%
iter 687: loss 2.3092, time 46.02ms, mfu 0.03%
iter 688: loss 2.2771, time 47.22ms, mfu 0.03%
iter 689: loss 2.3743, time 45.96ms, mfu 0.03%
iter 690: loss 2.1845, time 46.06ms, mfu 0.03%
iter 691: loss 2.2248, time 47.40ms, mfu 0.03%
iter 692: loss 2.2870, time 46.24ms, mfu 0.03%
iter 693: loss 2.2639, time 47.78ms, mfu 0.03%
iter 694: loss 2.2295, time 46.24ms, mfu 0.03%
iter 695: loss 2.2616, time 45.95ms, mfu 0.03%
iter 696: loss 2.2820, time 58.74ms, mfu 0.03%
iter 697: loss 2.2287, time 47.29ms, mfu 0.03%
iter 698: loss 2.1656, time 45.60ms, mfu 0.03%
iter 699: loss 2.1709, time 74.87ms, mfu 0.03%
iter 700: loss 2.3282, time 113.12ms, mfu 0.02%
iter 701: loss 2.2537, time 96.62ms, mfu 0.02%
iter 702: loss 2.2560, time 92.10ms, mfu 0.02%
iter 703: loss 2.2492, time 50.36ms, mfu 0.02%
iter 704: loss 2.0921, time 52.92ms, mfu 0.02%
iter 705: loss 2.1923, time 48.63ms, mfu 0.02%
iter 706: loss 2.2386, time 44.57ms, mfu 0.02%
iter 707: loss 2.3541, time 42.83ms, mfu 0.02%
iter 708: loss 2.2393, time 42.41ms, mfu 0.03%
iter 709: loss 2.1418, time 44.06ms, mfu 0.03%
iter 710: loss 2.3132, time 45.51ms, mfu 0.03%
iter 711: loss 2.1627, time 44.40ms, mfu 0.03%
iter 712: loss 2.1985, time 44.02ms, mfu 0.03%
iter 713: loss 2.1890, time 45.04ms, mfu 0.03%
iter 714: loss 2.1337, time 46.82ms, mfu 0.03%
iter 715: loss 2.1790, time 46.15ms, mfu 0.03%
iter 716: loss 2.2261, time 44.65ms, mfu 0.03%
iter 717: loss 2.1630, time 45.79ms, mfu 0.03%
iter 718: loss 2.1876, time 45.72ms, mfu 0.03%
iter 719: loss 2.1830, time 44.41ms, mfu 0.03%
iter 720: loss 2.2974, time 45.21ms, mfu 0.03%
iter 721: loss 2.2684, time 46.43ms, mfu 0.03%
iter 722: loss 2.2102, time 44.95ms, mfu 0.03%
iter 723: loss 2.1260, time 45.22ms, mfu 0.03%
iter 724: loss 2.2591, time 44.98ms, mfu 0.03%
iter 725: loss 2.2088, time 45.07ms, mfu 0.03%
iter 726: loss 2.1692, time 46.00ms, mfu 0.03%
iter 727: loss 2.2371, time 45.05ms, mfu 0.03%
iter 728: loss 2.1544, time 47.38ms, mfu 0.03%
iter 729: loss 2.3224, time 49.87ms, mfu 0.03%
iter 730: loss 2.1855, time 47.47ms, mfu 0.03%
iter 731: loss 2.1694, time 46.04ms, mfu 0.03%
iter 732: loss 2.2359, time 44.77ms, mfu 0.03%
iter 733: loss 2.3128, time 44.78ms, mfu 0.03%
iter 734: loss 2.2187, time 44.57ms, mfu 0.03%
iter 735: loss 2.4748, time 45.77ms, mfu 0.03%
iter 736: loss 2.2281, time 45.40ms, mfu 0.03%
iter 737: loss 2.2133, time 43.80ms, mfu 0.03%
iter 738: loss 2.2927, time 44.63ms, mfu 0.03%
iter 739: loss 2.1027, time 45.35ms, mfu 0.03%
iter 740: loss 2.2595, time 46.35ms, mfu 0.03%
iter 741: loss 2.0989, time 45.99ms, mfu 0.03%
iter 742: loss 2.0588, time 53.74ms, mfu 0.03%
iter 743: loss 2.0693, time 46.38ms, mfu 0.03%
iter 744: loss 2.1190, time 46.27ms, mfu 0.03%
iter 745: loss 2.2060, time 45.31ms, mfu 0.03%
iter 746: loss 2.2697, time 45.17ms, mfu 0.03%
iter 747: loss 2.3123, time 45.97ms, mfu 0.03%
iter 748: loss 2.2139, time 46.08ms, mfu 0.03%
iter 749: loss 2.2791, time 45.85ms, mfu 0.03%
step 750: train loss 2.2165, val loss 2.1898
saving checkpoint to out-reddit-clean
iter 750: loss 2.1267, time 597.78ms, mfu 0.03%
iter 751: loss 2.2463, time 47.14ms, mfu 0.03%
iter 752: loss 2.1790, time 46.81ms, mfu 0.03%
iter 753: loss 2.0588, time 47.23ms, mfu 0.03%
iter 754: loss 2.1025, time 45.95ms, mfu 0.03%
iter 755: loss 2.1461, time 45.96ms, mfu 0.03%
iter 756: loss 2.1173, time 47.52ms, mfu 0.03%
iter 757: loss 2.0817, time 44.26ms, mfu 0.03%
iter 758: loss 2.1863, time 47.68ms, mfu 0.03%
iter 759: loss 2.2307, time 48.85ms, mfu 0.03%
iter 760: loss 2.1366, time 47.25ms, mfu 0.03%
iter 761: loss 2.1355, time 47.20ms, mfu 0.03%
iter 762: loss 2.1700, time 49.82ms, mfu 0.03%
iter 763: loss 2.0456, time 48.43ms, mfu 0.03%
iter 764: loss 2.2495, time 45.38ms, mfu 0.03%
iter 765: loss 2.1589, time 46.15ms, mfu 0.03%
iter 766: loss 2.2387, time 45.83ms, mfu 0.03%
iter 767: loss 2.1438, time 46.11ms, mfu 0.03%
iter 768: loss 2.1417, time 45.04ms, mfu 0.03%
iter 769: loss 2.1778, time 46.07ms, mfu 0.03%
iter 770: loss 2.2448, time 46.08ms, mfu 0.03%
iter 771: loss 2.3201, time 44.71ms, mfu 0.03%
iter 772: loss 2.1370, time 45.46ms, mfu 0.03%
iter 773: loss 2.1966, time 45.73ms, mfu 0.03%
iter 774: loss 2.1623, time 45.89ms, mfu 0.03%
iter 775: loss 2.1081, time 45.74ms, mfu 0.03%
iter 776: loss 2.1243, time 55.04ms, mfu 0.03%
iter 777: loss 2.0928, time 46.28ms, mfu 0.03%
iter 778: loss 2.0767, time 63.20ms, mfu 0.03%
iter 779: loss 2.2196, time 115.13ms, mfu 0.03%
iter 780: loss 2.1790, time 89.41ms, mfu 0.02%
iter 781: loss 2.1126, time 71.27ms, mfu 0.02%
iter 782: loss 2.2338, time 45.16ms, mfu 0.02%
iter 783: loss 2.1606, time 44.70ms, mfu 0.02%
iter 784: loss 2.2024, time 46.48ms, mfu 0.02%
iter 785: loss 2.1295, time 44.91ms, mfu 0.03%
iter 786: loss 2.2174, time 45.00ms, mfu 0.03%
iter 787: loss 2.1638, time 46.54ms, mfu 0.03%
iter 788: loss 2.3016, time 46.21ms, mfu 0.03%
iter 789: loss 2.1039, time 47.51ms, mfu 0.03%
iter 790: loss 2.0696, time 45.04ms, mfu 0.03%
iter 791: loss 2.1929, time 44.98ms, mfu 0.03%
iter 792: loss 2.0825, time 45.82ms, mfu 0.03%
iter 793: loss 2.1382, time 45.02ms, mfu 0.03%
iter 794: loss 2.2483, time 46.74ms, mfu 0.03%
iter 795: loss 2.1811, time 45.19ms, mfu 0.03%
iter 796: loss 2.0957, time 44.94ms, mfu 0.03%
iter 797: loss 2.1067, time 47.28ms, mfu 0.03%
iter 798: loss 2.0841, time 44.50ms, mfu 0.03%
iter 799: loss 2.2650, time 45.83ms, mfu 0.03%
iter 800: loss 2.1934, time 46.24ms, mfu 0.03%
iter 801: loss 2.0676, time 45.71ms, mfu 0.03%
iter 802: loss 2.2025, time 46.33ms, mfu 0.03%
iter 803: loss 2.1333, time 46.60ms, mfu 0.03%
iter 804: loss 2.1447, time 45.56ms, mfu 0.03%
iter 805: loss 2.2805, time 45.88ms, mfu 0.03%
iter 806: loss 2.0911, time 47.27ms, mfu 0.03%
iter 807: loss 2.1473, time 47.93ms, mfu 0.03%
iter 808: loss 2.1191, time 48.83ms, mfu 0.03%
iter 809: loss 2.1212, time 44.36ms, mfu 0.03%
iter 810: loss 2.0941, time 46.16ms, mfu 0.03%
iter 811: loss 2.2571, time 45.63ms, mfu 0.03%
iter 812: loss 2.0594, time 45.55ms, mfu 0.03%
iter 813: loss 2.1594, time 45.31ms, mfu 0.03%
iter 814: loss 2.2745, time 45.42ms, mfu 0.03%
iter 815: loss 2.1118, time 45.58ms, mfu 0.03%
iter 816: loss 2.2422, time 45.99ms, mfu 0.03%
iter 817: loss 2.3315, time 43.85ms, mfu 0.03%
iter 818: loss 2.1405, time 44.46ms, mfu 0.03%
iter 819: loss 2.2338, time 44.04ms, mfu 0.03%
iter 820: loss 2.2675, time 43.64ms, mfu 0.03%
iter 821: loss 2.1522, time 44.07ms, mfu 0.03%
iter 822: loss 2.1393, time 44.68ms, mfu 0.03%
iter 823: loss 2.2402, time 43.81ms, mfu 0.03%
iter 824: loss 2.1155, time 43.90ms, mfu 0.03%
iter 825: loss 2.2753, time 44.46ms, mfu 0.03%
iter 826: loss 2.0173, time 44.52ms, mfu 0.03%
iter 827: loss 2.2516, time 43.78ms, mfu 0.03%
iter 828: loss 2.2656, time 44.05ms, mfu 0.03%
iter 829: loss 2.0854, time 43.93ms, mfu 0.03%
iter 830: loss 2.2238, time 43.40ms, mfu 0.03%
iter 831: loss 2.1377, time 47.68ms, mfu 0.03%
iter 832: loss 2.1077, time 47.14ms, mfu 0.03%
iter 833: loss 2.1110, time 44.50ms, mfu 0.03%
iter 834: loss 2.1645, time 45.35ms, mfu 0.03%
iter 835: loss 2.1244, time 45.29ms, mfu 0.03%
iter 836: loss 2.1679, time 45.24ms, mfu 0.03%
iter 837: loss 2.1991, time 45.95ms, mfu 0.03%
iter 838: loss 2.1209, time 45.46ms, mfu 0.03%
iter 839: loss 2.0755, time 44.24ms, mfu 0.03%
iter 840: loss 2.1780, time 44.33ms, mfu 0.03%
iter 841: loss 2.0810, time 45.44ms, mfu 0.03%
iter 842: loss 2.0803, time 43.44ms, mfu 0.03%
iter 843: loss 2.1540, time 43.65ms, mfu 0.03%
iter 844: loss 2.1218, time 45.33ms, mfu 0.03%
iter 845: loss 2.2166, time 43.31ms, mfu 0.03%
iter 846: loss 2.2332, time 46.63ms, mfu 0.03%
iter 847: loss 2.0811, time 44.85ms, mfu 0.03%
iter 848: loss 2.1610, time 45.23ms, mfu 0.03%
iter 849: loss 2.1230, time 43.64ms, mfu 0.03%
iter 850: loss 2.1645, time 43.18ms, mfu 0.03%
iter 851: loss 2.0509, time 44.68ms, mfu 0.03%
iter 852: loss 2.0106, time 43.07ms, mfu 0.03%
iter 853: loss 2.2148, time 52.52ms, mfu 0.03%
iter 854: loss 2.1801, time 77.80ms, mfu 0.03%
iter 855: loss 2.0688, time 57.35ms, mfu 0.03%
iter 856: loss 2.1619, time 49.70ms, mfu 0.03%
iter 857: loss 2.1030, time 44.31ms, mfu 0.03%
iter 858: loss 2.1356, time 45.80ms, mfu 0.03%
iter 859: loss 2.1899, time 45.61ms, mfu 0.03%
iter 860: loss 2.2215, time 47.11ms, mfu 0.03%
iter 861: loss 2.2787, time 48.23ms, mfu 0.03%
iter 862: loss 2.1187, time 43.54ms, mfu 0.03%
iter 863: loss 2.0862, time 45.36ms, mfu 0.03%
iter 864: loss 2.1485, time 44.49ms, mfu 0.03%
iter 865: loss 2.1828, time 43.88ms, mfu 0.03%
iter 866: loss 2.2148, time 42.88ms, mfu 0.03%
iter 867: loss 2.1387, time 43.63ms, mfu 0.03%
iter 868: loss 1.9928, time 43.95ms, mfu 0.03%
iter 869: loss 2.0677, time 43.97ms, mfu 0.03%
iter 870: loss 2.2131, time 43.64ms, mfu 0.03%
iter 871: loss 2.1610, time 42.91ms, mfu 0.03%
iter 872: loss 2.1853, time 72.69ms, mfu 0.03%
iter 873: loss 2.2187, time 115.29ms, mfu 0.03%
iter 874: loss 2.1989, time 80.67ms, mfu 0.03%
iter 875: loss 2.0905, time 71.55ms, mfu 0.02%
iter 876: loss 2.1279, time 48.52ms, mfu 0.02%
iter 877: loss 2.1255, time 47.93ms, mfu 0.02%
iter 878: loss 2.2007, time 44.24ms, mfu 0.03%
iter 879: loss 2.1335, time 43.17ms, mfu 0.03%
iter 880: loss 2.0981, time 43.29ms, mfu 0.03%
iter 881: loss 2.0639, time 43.65ms, mfu 0.03%
iter 882: loss 2.2119, time 44.13ms, mfu 0.03%
iter 883: loss 2.0836, time 43.55ms, mfu 0.03%
iter 884: loss 2.2132, time 43.88ms, mfu 0.03%
iter 885: loss 1.9834, time 43.74ms, mfu 0.03%
iter 886: loss 2.1147, time 43.54ms, mfu 0.03%
iter 887: loss 2.1918, time 44.25ms, mfu 0.03%
iter 888: loss 2.1091, time 44.36ms, mfu 0.03%
iter 889: loss 2.0504, time 43.73ms, mfu 0.03%
iter 890: loss 2.0764, time 42.93ms, mfu 0.03%
iter 891: loss 2.1304, time 43.60ms, mfu 0.03%
iter 892: loss 2.1256, time 43.37ms, mfu 0.03%
iter 893: loss 2.2506, time 43.34ms, mfu 0.03%
iter 894: loss 2.1111, time 43.55ms, mfu 0.03%
iter 895: loss 2.0076, time 44.23ms, mfu 0.03%
iter 896: loss 2.1744, time 43.67ms, mfu 0.03%
iter 897: loss 2.1281, time 43.14ms, mfu 0.03%
iter 898: loss 2.0946, time 43.61ms, mfu 0.03%
iter 899: loss 2.0911, time 43.77ms, mfu 0.03%
iter 900: loss 2.1108, time 44.26ms, mfu 0.03%
iter 901: loss 2.0655, time 44.70ms, mfu 0.03%
iter 902: loss 2.0476, time 43.59ms, mfu 0.03%
iter 903: loss 2.0663, time 44.11ms, mfu 0.03%
iter 904: loss 2.1311, time 43.55ms, mfu 0.03%
iter 905: loss 2.1623, time 43.50ms, mfu 0.03%
iter 906: loss 2.1245, time 43.32ms, mfu 0.03%
iter 907: loss 2.0866, time 43.29ms, mfu 0.03%
iter 908: loss 2.1333, time 43.31ms, mfu 0.03%
iter 909: loss 2.0632, time 44.08ms, mfu 0.03%
iter 910: loss 2.1072, time 44.48ms, mfu 0.03%
iter 911: loss 2.0871, time 44.88ms, mfu 0.03%
iter 912: loss 2.2782, time 43.70ms, mfu 0.03%
iter 913: loss 2.0670, time 43.30ms, mfu 0.03%
iter 914: loss 2.0767, time 43.56ms, mfu 0.03%
iter 915: loss 2.1941, time 43.36ms, mfu 0.03%
iter 916: loss 2.0939, time 42.93ms, mfu 0.03%
iter 917: loss 2.0741, time 45.46ms, mfu 0.03%
iter 918: loss 2.0328, time 43.20ms, mfu 0.03%
iter 919: loss 2.1214, time 43.79ms, mfu 0.03%
iter 920: loss 2.0761, time 43.37ms, mfu 0.03%
iter 921: loss 2.1126, time 43.97ms, mfu 0.03%
iter 922: loss 2.0804, time 44.22ms, mfu 0.03%
iter 923: loss 2.1158, time 44.15ms, mfu 0.03%
iter 924: loss 2.1432, time 44.99ms, mfu 0.03%
iter 925: loss 2.1172, time 43.12ms, mfu 0.03%
iter 926: loss 2.1015, time 44.52ms, mfu 0.03%
iter 927: loss 2.1720, time 43.70ms, mfu 0.03%
iter 928: loss 2.1448, time 43.62ms, mfu 0.03%
iter 929: loss 2.1106, time 43.25ms, mfu 0.03%
iter 930: loss 2.0169, time 43.16ms, mfu 0.03%
iter 931: loss 2.1598, time 43.56ms, mfu 0.03%
iter 932: loss 2.1689, time 43.45ms, mfu 0.03%
iter 933: loss 2.1656, time 44.70ms, mfu 0.03%
iter 934: loss 1.9980, time 44.50ms, mfu 0.03%
iter 935: loss 2.2664, time 43.66ms, mfu 0.03%
iter 936: loss 2.1921, time 43.45ms, mfu 0.03%
iter 937: loss 2.0733, time 43.61ms, mfu 0.03%
iter 938: loss 2.1625, time 43.66ms, mfu 0.03%
iter 939: loss 2.1288, time 43.55ms, mfu 0.03%
iter 940: loss 2.1747, time 43.42ms, mfu 0.03%
iter 941: loss 2.2766, time 43.89ms, mfu 0.03%
iter 942: loss 2.1079, time 43.47ms, mfu 0.03%
iter 943: loss 2.2446, time 43.00ms, mfu 0.03%
iter 944: loss 2.0881, time 43.29ms, mfu 0.03%
iter 945: loss 2.0824, time 44.77ms, mfu 0.03%
iter 946: loss 2.0771, time 43.64ms, mfu 0.03%
iter 947: loss 2.1608, time 43.85ms, mfu 0.03%
iter 948: loss 2.0837, time 43.65ms, mfu 0.03%
iter 949: loss 2.1833, time 44.39ms, mfu 0.03%
iter 950: loss 2.0731, time 43.52ms, mfu 0.03%
iter 951: loss 2.1537, time 43.07ms, mfu 0.03%
iter 952: loss 1.9959, time 43.69ms, mfu 0.03%
iter 953: loss 2.0077, time 45.65ms, mfu 0.03%
iter 954: loss 2.0980, time 45.05ms, mfu 0.03%
iter 955: loss 2.1893, time 43.01ms, mfu 0.03%
iter 956: loss 2.1429, time 45.17ms, mfu 0.03%
iter 957: loss 2.0356, time 43.30ms, mfu 0.03%
iter 958: loss 1.9970, time 43.45ms, mfu 0.03%
iter 959: loss 2.1126, time 44.51ms, mfu 0.03%
iter 960: loss 2.0597, time 44.52ms, mfu 0.03%
iter 961: loss 2.2050, time 46.26ms, mfu 0.03%
iter 962: loss 2.2382, time 60.59ms, mfu 0.03%
iter 963: loss 2.1229, time 83.33ms, mfu 0.03%
iter 964: loss 2.0215, time 50.85ms, mfu 0.03%
iter 965: loss 1.9774, time 46.79ms, mfu 0.03%
iter 966: loss 2.1696, time 44.91ms, mfu 0.03%
iter 967: loss 2.0301, time 43.34ms, mfu 0.03%
iter 968: loss 2.0890, time 43.62ms, mfu 0.03%
iter 969: loss 2.0816, time 44.02ms, mfu 0.03%
iter 970: loss 2.0960, time 44.57ms, mfu 0.03%
iter 971: loss 2.0833, time 81.00ms, mfu 0.03%
iter 972: loss 2.1105, time 153.32ms, mfu 0.02%
iter 973: loss 2.0495, time 75.02ms, mfu 0.02%
iter 974: loss 2.0461, time 81.56ms, mfu 0.02%
iter 975: loss 1.9724, time 43.54ms, mfu 0.02%
iter 976: loss 2.1105, time 44.43ms, mfu 0.02%
iter 977: loss 2.1095, time 43.68ms, mfu 0.02%
iter 978: loss 1.9785, time 43.23ms, mfu 0.03%
iter 979: loss 2.0361, time 43.52ms, mfu 0.03%
iter 980: loss 2.0510, time 43.44ms, mfu 0.03%
iter 981: loss 2.0949, time 43.12ms, mfu 0.03%
iter 982: loss 2.3183, time 43.68ms, mfu 0.03%
iter 983: loss 2.0956, time 49.14ms, mfu 0.03%
iter 984: loss 2.1231, time 47.34ms, mfu 0.03%
iter 985: loss 2.0971, time 46.10ms, mfu 0.03%
iter 986: loss 2.0074, time 43.64ms, mfu 0.03%
iter 987: loss 2.0278, time 42.70ms, mfu 0.03%
iter 988: loss 2.0264, time 43.95ms, mfu 0.03%
iter 989: loss 2.0270, time 45.54ms, mfu 0.03%
iter 990: loss 2.0816, time 43.24ms, mfu 0.03%
iter 991: loss 1.9462, time 43.87ms, mfu 0.03%
iter 992: loss 2.0593, time 43.65ms, mfu 0.03%
iter 993: loss 2.0620, time 42.90ms, mfu 0.03%
iter 994: loss 2.0121, time 46.15ms, mfu 0.03%
iter 995: loss 2.1552, time 45.07ms, mfu 0.03%
iter 996: loss 2.1729, time 43.76ms, mfu 0.03%
iter 997: loss 2.1449, time 43.38ms, mfu 0.03%
iter 998: loss 2.0852, time 43.13ms, mfu 0.03%
iter 999: loss 2.0895, time 43.05ms, mfu 0.03%
step 1000: train loss 2.0788, val loss 2.0680
saving checkpoint to out-reddit-clean
iter 1000: loss 2.1390, time 592.41ms, mfu 0.03%
iter 1001: loss 2.0212, time 44.61ms, mfu 0.03%
iter 1002: loss 2.1022, time 43.56ms, mfu 0.03%
iter 1003: loss 1.9615, time 45.69ms, mfu 0.03%
iter 1004: loss 1.9646, time 48.41ms, mfu 0.03%
iter 1005: loss 2.0947, time 47.23ms, mfu 0.03%
iter 1006: loss 1.9999, time 45.72ms, mfu 0.03%
iter 1007: loss 1.9163, time 45.20ms, mfu 0.03%
iter 1008: loss 2.0731, time 43.83ms, mfu 0.03%
iter 1009: loss 2.2531, time 43.59ms, mfu 0.03%
iter 1010: loss 2.0750, time 44.04ms, mfu 0.03%
iter 1011: loss 2.1928, time 43.55ms, mfu 0.03%
iter 1012: loss 2.2113, time 44.25ms, mfu 0.03%
iter 1013: loss 2.0760, time 44.17ms, mfu 0.03%
iter 1014: loss 2.2176, time 49.53ms, mfu 0.03%
iter 1015: loss 2.0751, time 44.21ms, mfu 0.03%
iter 1016: loss 2.0422, time 43.40ms, mfu 0.03%
iter 1017: loss 2.0740, time 43.56ms, mfu 0.03%
iter 1018: loss 2.0631, time 43.13ms, mfu 0.03%
iter 1019: loss 2.1132, time 44.58ms, mfu 0.03%
iter 1020: loss 1.9870, time 44.90ms, mfu 0.03%
iter 1021: loss 2.0172, time 47.31ms, mfu 0.03%
iter 1022: loss 2.0131, time 43.63ms, mfu 0.03%
iter 1023: loss 2.1169, time 43.35ms, mfu 0.03%
iter 1024: loss 2.0843, time 43.47ms, mfu 0.03%
iter 1025: loss 2.0303, time 43.57ms, mfu 0.03%
iter 1026: loss 2.0526, time 44.22ms, mfu 0.03%
iter 1027: loss 2.0766, time 43.55ms, mfu 0.03%
iter 1028: loss 2.2161, time 45.42ms, mfu 0.03%
iter 1029: loss 2.0223, time 43.98ms, mfu 0.03%
iter 1030: loss 2.1854, time 45.00ms, mfu 0.03%
iter 1031: loss 2.0900, time 45.54ms, mfu 0.03%
iter 1032: loss 2.0620, time 44.69ms, mfu 0.03%
iter 1033: loss 1.9973, time 43.67ms, mfu 0.03%
iter 1034: loss 2.0559, time 43.38ms, mfu 0.03%
iter 1035: loss 2.0675, time 44.42ms, mfu 0.03%
iter 1036: loss 2.0312, time 43.93ms, mfu 0.03%
iter 1037: loss 2.1104, time 44.90ms, mfu 0.03%
iter 1038: loss 2.0950, time 43.84ms, mfu 0.03%
iter 1039: loss 1.9914, time 43.62ms, mfu 0.03%
iter 1040: loss 1.9756, time 43.76ms, mfu 0.03%
iter 1041: loss 1.8890, time 52.01ms, mfu 0.03%
iter 1042: loss 2.1234, time 45.76ms, mfu 0.03%
iter 1043: loss 1.9714, time 44.16ms, mfu 0.03%
iter 1044: loss 1.9859, time 44.27ms, mfu 0.03%
iter 1045: loss 2.1688, time 44.14ms, mfu 0.03%
iter 1046: loss 2.2346, time 43.92ms, mfu 0.03%
iter 1047: loss 1.9622, time 44.91ms, mfu 0.03%
iter 1048: loss 2.0330, time 44.20ms, mfu 0.03%
iter 1049: loss 2.0169, time 44.66ms, mfu 0.03%
iter 1050: loss 1.8998, time 45.08ms, mfu 0.03%
iter 1051: loss 2.1130, time 47.29ms, mfu 0.03%
iter 1052: loss 2.0064, time 43.85ms, mfu 0.03%
iter 1053: loss 2.0865, time 43.10ms, mfu 0.03%
iter 1054: loss 2.1007, time 43.14ms, mfu 0.03%
iter 1055: loss 2.0898, time 48.82ms, mfu 0.03%
iter 1056: loss 2.0787, time 83.83ms, mfu 0.03%
iter 1057: loss 2.1179, time 109.79ms, mfu 0.03%
iter 1058: loss 2.1227, time 92.90ms, mfu 0.02%
iter 1059: loss 2.0663, time 94.38ms, mfu 0.02%
iter 1060: loss 2.0264, time 59.89ms, mfu 0.02%
iter 1061: loss 1.9794, time 45.87ms, mfu 0.02%
iter 1062: loss 2.0796, time 43.79ms, mfu 0.02%
iter 1063: loss 2.1074, time 43.95ms, mfu 0.02%
iter 1064: loss 2.0633, time 43.07ms, mfu 0.03%
iter 1065: loss 2.0791, time 43.89ms, mfu 0.03%
iter 1066: loss 2.0579, time 43.50ms, mfu 0.03%
iter 1067: loss 1.9315, time 43.10ms, mfu 0.03%
iter 1068: loss 1.9953, time 45.13ms, mfu 0.03%
iter 1069: loss 2.1427, time 45.56ms, mfu 0.03%
iter 1070: loss 2.0713, time 43.07ms, mfu 0.03%
iter 1071: loss 2.2551, time 44.01ms, mfu 0.03%
iter 1072: loss 2.0293, time 43.53ms, mfu 0.03%
iter 1073: loss 2.1796, time 43.19ms, mfu 0.03%
iter 1074: loss 2.0604, time 43.08ms, mfu 0.03%
iter 1075: loss 1.9432, time 47.00ms, mfu 0.03%
iter 1076: loss 2.2341, time 43.12ms, mfu 0.03%
iter 1077: loss 1.9120, time 43.68ms, mfu 0.03%
iter 1078: loss 2.0198, time 43.23ms, mfu 0.03%
iter 1079: loss 2.0532, time 43.19ms, mfu 0.03%
iter 1080: loss 2.0202, time 46.68ms, mfu 0.03%
iter 1081: loss 1.9774, time 47.84ms, mfu 0.03%
iter 1082: loss 2.0549, time 46.34ms, mfu 0.03%
iter 1083: loss 2.0567, time 43.41ms, mfu 0.03%
iter 1084: loss 2.0298, time 43.77ms, mfu 0.03%
iter 1085: loss 1.9558, time 43.29ms, mfu 0.03%
iter 1086: loss 2.0045, time 43.35ms, mfu 0.03%
iter 1087: loss 1.9706, time 43.59ms, mfu 0.03%
iter 1088: loss 2.0847, time 43.11ms, mfu 0.03%
iter 1089: loss 2.0069, time 43.62ms, mfu 0.03%
iter 1090: loss 2.0825, time 44.24ms, mfu 0.03%
iter 1091: loss 2.0161, time 44.56ms, mfu 0.03%
iter 1092: loss 1.9069, time 43.76ms, mfu 0.03%
iter 1093: loss 2.0189, time 43.63ms, mfu 0.03%
iter 1094: loss 1.8639, time 43.85ms, mfu 0.03%
iter 1095: loss 2.1038, time 43.01ms, mfu 0.03%
iter 1096: loss 2.0964, time 43.57ms, mfu 0.03%
iter 1097: loss 2.0492, time 43.52ms, mfu 0.03%
iter 1098: loss 2.0976, time 43.48ms, mfu 0.03%
iter 1099: loss 2.0352, time 43.99ms, mfu 0.03%
iter 1100: loss 2.0336, time 43.30ms, mfu 0.03%
iter 1101: loss 2.0340, time 43.89ms, mfu 0.03%
iter 1102: loss 1.8985, time 43.19ms, mfu 0.03%
iter 1103: loss 2.1235, time 44.40ms, mfu 0.03%
iter 1104: loss 1.9210, time 43.91ms, mfu 0.03%
iter 1105: loss 1.9769, time 43.74ms, mfu 0.03%
iter 1106: loss 2.1327, time 44.32ms, mfu 0.03%
iter 1107: loss 2.0758, time 44.63ms, mfu 0.03%
iter 1108: loss 2.1043, time 44.07ms, mfu 0.03%
iter 1109: loss 2.1998, time 43.24ms, mfu 0.03%
iter 1110: loss 2.0042, time 43.37ms, mfu 0.03%
iter 1111: loss 1.9749, time 43.12ms, mfu 0.03%
iter 1112: loss 2.0749, time 43.53ms, mfu 0.03%
iter 1113: loss 2.0696, time 45.54ms, mfu 0.03%
iter 1114: loss 2.1103, time 46.32ms, mfu 0.03%
iter 1115: loss 2.0038, time 46.73ms, mfu 0.03%
iter 1116: loss 2.0402, time 46.20ms, mfu 0.03%
iter 1117: loss 2.0273, time 45.97ms, mfu 0.03%
iter 1118: loss 1.9466, time 48.69ms, mfu 0.03%
iter 1119: loss 1.9455, time 48.28ms, mfu 0.03%
iter 1120: loss 2.0984, time 43.61ms, mfu 0.03%
iter 1121: loss 1.9660, time 44.19ms, mfu 0.03%
iter 1122: loss 1.9836, time 45.62ms, mfu 0.03%
iter 1123: loss 2.0822, time 45.13ms, mfu 0.03%
iter 1124: loss 2.0192, time 43.25ms, mfu 0.03%
iter 1125: loss 2.1761, time 43.89ms, mfu 0.03%
iter 1126: loss 1.9336, time 46.17ms, mfu 0.03%
iter 1127: loss 2.0070, time 43.93ms, mfu 0.03%
iter 1128: loss 2.0162, time 44.56ms, mfu 0.03%
iter 1129: loss 2.0723, time 43.29ms, mfu 0.03%
iter 1130: loss 2.0657, time 42.76ms, mfu 0.03%
iter 1131: loss 2.0842, time 43.16ms, mfu 0.03%
iter 1132: loss 2.0816, time 42.76ms, mfu 0.03%
iter 1133: loss 1.8496, time 47.94ms, mfu 0.03%
iter 1134: loss 2.0117, time 43.23ms, mfu 0.03%
iter 1135: loss 2.0654, time 43.51ms, mfu 0.03%
iter 1136: loss 1.9788, time 44.65ms, mfu 0.03%
iter 1137: loss 2.0445, time 43.93ms, mfu 0.03%
iter 1138: loss 2.0003, time 44.40ms, mfu 0.03%
iter 1139: loss 2.0643, time 43.19ms, mfu 0.03%
iter 1140: loss 2.0022, time 43.39ms, mfu 0.03%
iter 1141: loss 2.0003, time 43.65ms, mfu 0.03%
iter 1142: loss 1.9344, time 42.87ms, mfu 0.03%
iter 1143: loss 2.1067, time 43.52ms, mfu 0.03%
iter 1144: loss 1.9254, time 43.72ms, mfu 0.03%
iter 1145: loss 2.0610, time 43.35ms, mfu 0.03%
iter 1146: loss 2.0758, time 43.78ms, mfu 0.03%
iter 1147: loss 2.0761, time 43.08ms, mfu 0.03%
iter 1148: loss 2.1601, time 45.17ms, mfu 0.03%
iter 1149: loss 2.0170, time 43.40ms, mfu 0.03%
iter 1150: loss 1.9540, time 42.88ms, mfu 0.03%
iter 1151: loss 2.1507, time 43.79ms, mfu 0.03%
iter 1152: loss 2.1272, time 42.98ms, mfu 0.03%
iter 1153: loss 1.9455, time 43.32ms, mfu 0.03%
iter 1154: loss 1.9470, time 43.66ms, mfu 0.03%
iter 1155: loss 1.9534, time 43.30ms, mfu 0.03%
iter 1156: loss 2.0295, time 43.48ms, mfu 0.03%
iter 1157: loss 2.0206, time 43.42ms, mfu 0.03%
iter 1158: loss 2.0585, time 45.59ms, mfu 0.03%
iter 1159: loss 2.0347, time 101.71ms, mfu 0.03%
iter 1160: loss 1.9402, time 90.42ms, mfu 0.03%
iter 1161: loss 1.8931, time 91.55ms, mfu 0.03%
iter 1162: loss 1.9527, time 58.71ms, mfu 0.02%
iter 1163: loss 2.0505, time 43.80ms, mfu 0.03%
iter 1164: loss 1.9271, time 43.51ms, mfu 0.03%
iter 1165: loss 1.9275, time 43.18ms, mfu 0.03%
iter 1166: loss 2.0470, time 44.15ms, mfu 0.03%
iter 1167: loss 1.9603, time 43.98ms, mfu 0.03%
iter 1168: loss 1.9971, time 43.39ms, mfu 0.03%
iter 1169: loss 2.1132, time 44.38ms, mfu 0.03%
iter 1170: loss 1.9590, time 43.54ms, mfu 0.03%
iter 1171: loss 2.0080, time 43.61ms, mfu 0.03%
iter 1172: loss 1.9877, time 43.17ms, mfu 0.03%
iter 1173: loss 2.0082, time 43.24ms, mfu 0.03%
iter 1174: loss 2.3026, time 42.71ms, mfu 0.03%
iter 1175: loss 1.9438, time 49.23ms, mfu 0.03%
iter 1176: loss 2.1096, time 49.06ms, mfu 0.03%
iter 1177: loss 1.9422, time 46.27ms, mfu 0.03%
iter 1178: loss 1.9980, time 44.71ms, mfu 0.03%
iter 1179: loss 2.0608, time 43.29ms, mfu 0.03%
iter 1180: loss 1.8740, time 43.35ms, mfu 0.03%
iter 1181: loss 1.9975, time 47.00ms, mfu 0.03%
iter 1182: loss 2.0161, time 46.42ms, mfu 0.03%
iter 1183: loss 1.9875, time 43.13ms, mfu 0.03%
iter 1184: loss 2.1979, time 44.58ms, mfu 0.03%
iter 1185: loss 1.9904, time 43.29ms, mfu 0.03%
iter 1186: loss 2.0149, time 43.51ms, mfu 0.03%
iter 1187: loss 1.9435, time 43.08ms, mfu 0.03%
iter 1188: loss 1.9258, time 43.33ms, mfu 0.03%
iter 1189: loss 1.9647, time 43.56ms, mfu 0.03%
iter 1190: loss 2.0516, time 42.95ms, mfu 0.03%
iter 1191: loss 2.0149, time 44.03ms, mfu 0.03%
iter 1192: loss 1.9569, time 43.54ms, mfu 0.03%
iter 1193: loss 2.0486, time 43.91ms, mfu 0.03%
iter 1194: loss 1.9810, time 43.72ms, mfu 0.03%
iter 1195: loss 2.0315, time 43.48ms, mfu 0.03%
iter 1196: loss 2.0334, time 43.87ms, mfu 0.03%
iter 1197: loss 1.9433, time 49.39ms, mfu 0.03%
iter 1198: loss 1.9300, time 83.09ms, mfu 0.03%
iter 1199: loss 2.1006, time 58.44ms, mfu 0.03%
iter 1200: loss 1.9709, time 49.94ms, mfu 0.03%
iter 1201: loss 1.9979, time 44.44ms, mfu 0.03%
iter 1202: loss 2.0540, time 44.07ms, mfu 0.03%
iter 1203: loss 2.0882, time 45.52ms, mfu 0.03%
iter 1204: loss 1.9347, time 43.90ms, mfu 0.03%
iter 1205: loss 1.8807, time 43.40ms, mfu 0.03%
iter 1206: loss 1.9167, time 43.43ms, mfu 0.03%
iter 1207: loss 1.9490, time 42.93ms, mfu 0.03%
iter 1208: loss 1.9976, time 43.27ms, mfu 0.03%
iter 1209: loss 2.0093, time 42.50ms, mfu 0.03%
iter 1210: loss 2.1074, time 42.86ms, mfu 0.03%
iter 1211: loss 2.0051, time 44.10ms, mfu 0.03%
iter 1212: loss 2.0054, time 45.77ms, mfu 0.03%
iter 1213: loss 2.0204, time 44.29ms, mfu 0.03%
iter 1214: loss 1.8706, time 43.56ms, mfu 0.03%
iter 1215: loss 1.8778, time 43.13ms, mfu 0.03%
iter 1216: loss 1.9862, time 43.02ms, mfu 0.03%
iter 1217: loss 1.8896, time 43.52ms, mfu 0.03%
iter 1218: loss 1.9262, time 43.49ms, mfu 0.03%
iter 1219: loss 2.0604, time 43.60ms, mfu 0.03%
iter 1220: loss 1.9910, time 42.87ms, mfu 0.03%
iter 1221: loss 2.0705, time 42.79ms, mfu 0.03%
iter 1222: loss 1.8622, time 44.33ms, mfu 0.03%
iter 1223: loss 1.9821, time 43.90ms, mfu 0.03%
iter 1224: loss 1.9669, time 47.88ms, mfu 0.03%
iter 1225: loss 2.0192, time 47.68ms, mfu 0.03%
iter 1226: loss 2.0231, time 44.22ms, mfu 0.03%
iter 1227: loss 1.9527, time 43.17ms, mfu 0.03%
iter 1228: loss 1.9610, time 43.45ms, mfu 0.03%
iter 1229: loss 1.9329, time 43.21ms, mfu 0.03%
iter 1230: loss 2.0316, time 43.34ms, mfu 0.03%
iter 1231: loss 1.9124, time 43.07ms, mfu 0.03%
iter 1232: loss 1.9513, time 45.47ms, mfu 0.03%
iter 1233: loss 2.0560, time 43.09ms, mfu 0.03%
iter 1234: loss 1.9961, time 43.50ms, mfu 0.03%
iter 1235: loss 1.9750, time 42.75ms, mfu 0.03%
iter 1236: loss 1.9363, time 43.82ms, mfu 0.03%
iter 1237: loss 2.1290, time 43.82ms, mfu 0.03%
iter 1238: loss 1.8545, time 43.25ms, mfu 0.03%
iter 1239: loss 1.9416, time 43.60ms, mfu 0.03%
iter 1240: loss 1.9206, time 43.15ms, mfu 0.03%
iter 1241: loss 1.9615, time 43.17ms, mfu 0.03%
iter 1242: loss 1.9809, time 43.29ms, mfu 0.03%
iter 1243: loss 1.9174, time 42.63ms, mfu 0.03%
iter 1244: loss 2.0001, time 43.21ms, mfu 0.03%
iter 1245: loss 1.9654, time 44.79ms, mfu 0.03%
iter 1246: loss 2.1575, time 43.95ms, mfu 0.03%
iter 1247: loss 1.8400, time 43.82ms, mfu 0.03%
iter 1248: loss 2.0040, time 43.42ms, mfu 0.03%
iter 1249: loss 1.9822, time 43.46ms, mfu 0.03%
step 1250: train loss 1.9966, val loss 1.9758
saving checkpoint to out-reddit-clean
iter 1250: loss 1.9833, time 722.48ms, mfu 0.03%
iter 1251: loss 1.9621, time 71.39ms, mfu 0.03%
iter 1252: loss 2.0268, time 44.52ms, mfu 0.03%
iter 1253: loss 1.9310, time 43.18ms, mfu 0.03%
iter 1254: loss 2.0190, time 44.62ms, mfu 0.03%
iter 1255: loss 2.1179, time 44.63ms, mfu 0.03%
iter 1256: loss 1.9215, time 43.26ms, mfu 0.03%
iter 1257: loss 1.9556, time 43.13ms, mfu 0.03%
iter 1258: loss 1.9895, time 42.72ms, mfu 0.03%
iter 1259: loss 2.1560, time 42.83ms, mfu 0.03%
iter 1260: loss 1.8457, time 43.60ms, mfu 0.03%
iter 1261: loss 2.0737, time 44.38ms, mfu 0.03%
iter 1262: loss 2.0496, time 43.11ms, mfu 0.03%
iter 1263: loss 1.9783, time 43.07ms, mfu 0.03%
iter 1264: loss 1.9755, time 43.17ms, mfu 0.03%
iter 1265: loss 1.8890, time 42.97ms, mfu 0.03%
iter 1266: loss 2.0468, time 45.18ms, mfu 0.03%
iter 1267: loss 1.9613, time 44.84ms, mfu 0.03%
iter 1268: loss 1.9141, time 45.38ms, mfu 0.03%
iter 1269: loss 1.9427, time 43.65ms, mfu 0.03%
iter 1270: loss 2.0649, time 43.58ms, mfu 0.03%
iter 1271: loss 1.8749, time 44.84ms, mfu 0.03%
iter 1272: loss 1.8467, time 43.92ms, mfu 0.03%
iter 1273: loss 2.0675, time 43.22ms, mfu 0.03%
iter 1274: loss 2.1492, time 44.37ms, mfu 0.03%
iter 1275: loss 2.0083, time 95.19ms, mfu 0.03%
iter 1276: loss 1.9649, time 43.95ms, mfu 0.03%
iter 1277: loss 2.0473, time 43.97ms, mfu 0.03%
iter 1278: loss 1.9572, time 43.97ms, mfu 0.03%
iter 1279: loss 1.9203, time 43.31ms, mfu 0.03%
iter 1280: loss 2.1008, time 43.93ms, mfu 0.03%
iter 1281: loss 1.9631, time 44.05ms, mfu 0.03%
iter 1282: loss 1.9398, time 43.61ms, mfu 0.03%
iter 1283: loss 1.9438, time 43.55ms, mfu 0.03%
iter 1284: loss 1.9033, time 44.05ms, mfu 0.03%
iter 1285: loss 1.9220, time 43.84ms, mfu 0.03%
iter 1286: loss 1.9370, time 42.58ms, mfu 0.03%
iter 1287: loss 1.9818, time 43.10ms, mfu 0.03%
iter 1288: loss 1.9163, time 43.61ms, mfu 0.03%
iter 1289: loss 2.0386, time 43.61ms, mfu 0.03%
iter 1290: loss 2.0909, time 44.41ms, mfu 0.03%
iter 1291: loss 1.9353, time 43.51ms, mfu 0.03%
iter 1292: loss 2.0075, time 44.82ms, mfu 0.03%
iter 1293: loss 1.9968, time 71.76ms, mfu 0.03%
iter 1294: loss 2.1362, time 61.26ms, mfu 0.03%
iter 1295: loss 1.9793, time 56.25ms, mfu 0.03%
iter 1296: loss 1.9387, time 45.34ms, mfu 0.03%
iter 1297: loss 2.0781, time 43.40ms, mfu 0.03%
iter 1298: loss 2.0448, time 44.77ms, mfu 0.03%
iter 1299: loss 2.0277, time 44.06ms, mfu 0.03%
iter 1300: loss 1.9420, time 43.30ms, mfu 0.03%
iter 1301: loss 1.9290, time 43.56ms, mfu 0.03%
iter 1302: loss 1.9525, time 43.43ms, mfu 0.03%
iter 1303: loss 2.0722, time 42.95ms, mfu 0.03%
iter 1304: loss 2.0614, time 42.99ms, mfu 0.03%
iter 1305: loss 2.0387, time 42.75ms, mfu 0.03%
iter 1306: loss 1.9016, time 42.81ms, mfu 0.03%
iter 1307: loss 1.9251, time 43.69ms, mfu 0.03%
iter 1308: loss 2.0225, time 43.26ms, mfu 0.03%
iter 1309: loss 1.9794, time 42.77ms, mfu 0.03%
iter 1310: loss 2.0537, time 43.69ms, mfu 0.03%
iter 1311: loss 1.8515, time 43.20ms, mfu 0.03%
iter 1312: loss 2.0113, time 42.80ms, mfu 0.03%
iter 1313: loss 1.8477, time 43.69ms, mfu 0.03%
iter 1314: loss 1.9567, time 43.19ms, mfu 0.03%
iter 1315: loss 1.9270, time 43.57ms, mfu 0.03%
iter 1316: loss 1.8595, time 43.12ms, mfu 0.03%
iter 1317: loss 1.8854, time 43.12ms, mfu 0.03%
iter 1318: loss 1.9506, time 44.02ms, mfu 0.03%
iter 1319: loss 1.9710, time 45.45ms, mfu 0.03%
iter 1320: loss 1.9331, time 47.17ms, mfu 0.03%
iter 1321: loss 1.8046, time 45.69ms, mfu 0.03%
iter 1322: loss 2.0257, time 43.70ms, mfu 0.03%
iter 1323: loss 1.9701, time 44.38ms, mfu 0.03%
iter 1324: loss 1.9593, time 43.84ms, mfu 0.03%
iter 1325: loss 1.9477, time 43.98ms, mfu 0.03%
iter 1326: loss 1.8687, time 43.09ms, mfu 0.03%
iter 1327: loss 2.0075, time 42.86ms, mfu 0.03%
iter 1328: loss 1.8323, time 43.32ms, mfu 0.03%
iter 1329: loss 2.0030, time 43.22ms, mfu 0.03%
iter 1330: loss 1.9662, time 43.29ms, mfu 0.03%
iter 1331: loss 1.9885, time 43.09ms, mfu 0.03%
iter 1332: loss 1.9513, time 43.35ms, mfu 0.03%
iter 1333: loss 1.9429, time 44.06ms, mfu 0.03%
iter 1334: loss 1.9608, time 43.19ms, mfu 0.03%
iter 1335: loss 1.9394, time 43.51ms, mfu 0.03%
iter 1336: loss 2.0158, time 43.70ms, mfu 0.03%
iter 1337: loss 1.9520, time 43.65ms, mfu 0.03%
iter 1338: loss 2.1594, time 43.27ms, mfu 0.03%
iter 1339: loss 1.9877, time 43.14ms, mfu 0.03%
iter 1340: loss 1.9075, time 43.06ms, mfu 0.03%
iter 1341: loss 1.8734, time 43.88ms, mfu 0.03%
iter 1342: loss 2.0486, time 43.02ms, mfu 0.03%
iter 1343: loss 1.9400, time 42.93ms, mfu 0.03%
iter 1344: loss 1.8551, time 47.49ms, mfu 0.03%
iter 1345: loss 1.9210, time 55.11ms, mfu 0.03%
iter 1346: loss 1.9539, time 46.32ms, mfu 0.03%
iter 1347: loss 1.8931, time 44.47ms, mfu 0.03%
iter 1348: loss 2.0152, time 43.25ms, mfu 0.03%
iter 1349: loss 2.1084, time 43.17ms, mfu 0.03%
iter 1350: loss 1.8662, time 72.83ms, mfu 0.03%
iter 1351: loss 1.8351, time 98.34ms, mfu 0.03%
iter 1352: loss 1.9752, time 91.77ms, mfu 0.03%
iter 1353: loss 1.9675, time 68.21ms, mfu 0.02%
iter 1354: loss 2.0021, time 43.25ms, mfu 0.03%
iter 1355: loss 1.9286, time 43.28ms, mfu 0.03%
iter 1356: loss 1.8806, time 42.77ms, mfu 0.03%
iter 1357: loss 1.9080, time 43.02ms, mfu 0.03%
iter 1358: loss 1.9943, time 43.24ms, mfu 0.03%
iter 1359: loss 1.9041, time 44.77ms, mfu 0.03%
iter 1360: loss 1.9070, time 44.17ms, mfu 0.03%
iter 1361: loss 1.9402, time 42.96ms, mfu 0.03%
iter 1362: loss 2.0130, time 42.63ms, mfu 0.03%
iter 1363: loss 1.9652, time 43.46ms, mfu 0.03%
iter 1364: loss 1.9780, time 43.22ms, mfu 0.03%
iter 1365: loss 2.0275, time 43.54ms, mfu 0.03%
iter 1366: loss 1.9441, time 44.27ms, mfu 0.03%
iter 1367: loss 1.8817, time 43.19ms, mfu 0.03%
iter 1368: loss 1.8913, time 43.15ms, mfu 0.03%
iter 1369: loss 1.9109, time 42.84ms, mfu 0.03%
iter 1370: loss 1.9744, time 43.67ms, mfu 0.03%
iter 1371: loss 2.0263, time 42.99ms, mfu 0.03%
iter 1372: loss 1.8285, time 43.20ms, mfu 0.03%
iter 1373: loss 1.9880, time 43.99ms, mfu 0.03%
iter 1374: loss 1.9425, time 44.33ms, mfu 0.03%
iter 1375: loss 2.0132, time 43.07ms, mfu 0.03%
iter 1376: loss 1.8690, time 43.23ms, mfu 0.03%
iter 1377: loss 1.9486, time 43.06ms, mfu 0.03%
iter 1378: loss 1.9428, time 43.02ms, mfu 0.03%
iter 1379: loss 1.9005, time 43.44ms, mfu 0.03%
iter 1380: loss 1.8879, time 43.13ms, mfu 0.03%
iter 1381: loss 1.8566, time 42.90ms, mfu 0.03%
iter 1382: loss 1.8997, time 43.73ms, mfu 0.03%
iter 1383: loss 1.8458, time 43.69ms, mfu 0.03%
iter 1384: loss 1.9918, time 43.12ms, mfu 0.03%
iter 1385: loss 1.8837, time 42.98ms, mfu 0.03%
iter 1386: loss 2.0085, time 43.23ms, mfu 0.03%
iter 1387: loss 1.9381, time 43.13ms, mfu 0.03%
iter 1388: loss 1.9681, time 43.19ms, mfu 0.03%
iter 1389: loss 1.9380, time 42.81ms, mfu 0.03%
iter 1390: loss 1.9377, time 42.99ms, mfu 0.03%
iter 1391: loss 1.8336, time 42.85ms, mfu 0.03%
iter 1392: loss 1.8808, time 43.21ms, mfu 0.03%
iter 1393: loss 1.9573, time 43.02ms, mfu 0.03%
iter 1394: loss 1.9474, time 47.85ms, mfu 0.03%
iter 1395: loss 1.9293, time 47.66ms, mfu 0.03%
iter 1396: loss 1.9801, time 43.79ms, mfu 0.03%
iter 1397: loss 2.0695, time 42.90ms, mfu 0.03%
iter 1398: loss 2.0447, time 42.76ms, mfu 0.03%
iter 1399: loss 1.8383, time 43.18ms, mfu 0.03%
iter 1400: loss 2.1939, time 43.01ms, mfu 0.03%
iter 1401: loss 1.8985, time 43.58ms, mfu 0.03%
iter 1402: loss 1.9050, time 47.30ms, mfu 0.03%
iter 1403: loss 1.9588, time 43.54ms, mfu 0.03%
iter 1404: loss 2.0249, time 43.09ms, mfu 0.03%
iter 1405: loss 1.7626, time 77.66ms, mfu 0.03%
iter 1406: loss 1.9098, time 57.09ms, mfu 0.03%
iter 1407: loss 2.0215, time 51.98ms, mfu 0.03%
iter 1408: loss 1.9554, time 48.15ms, mfu 0.03%
iter 1409: loss 1.9875, time 43.20ms, mfu 0.03%
iter 1410: loss 1.8231, time 42.80ms, mfu 0.03%
iter 1411: loss 1.8750, time 43.70ms, mfu 0.03%
iter 1412: loss 1.8797, time 43.59ms, mfu 0.03%
iter 1413: loss 1.9326, time 43.29ms, mfu 0.03%
iter 1414: loss 2.0258, time 42.45ms, mfu 0.03%
iter 1415: loss 1.9926, time 43.13ms, mfu 0.03%
iter 1416: loss 1.9612, time 43.94ms, mfu 0.03%
iter 1417: loss 1.9223, time 43.12ms, mfu 0.03%
iter 1418: loss 1.8860, time 43.92ms, mfu 0.03%
iter 1419: loss 1.9613, time 43.07ms, mfu 0.03%
iter 1420: loss 1.9048, time 44.95ms, mfu 0.03%
iter 1421: loss 2.0480, time 43.87ms, mfu 0.03%
iter 1422: loss 1.9061, time 45.78ms, mfu 0.03%
iter 1423: loss 1.9183, time 43.51ms, mfu 0.03%
iter 1424: loss 2.0161, time 43.16ms, mfu 0.03%
iter 1425: loss 2.0116, time 43.05ms, mfu 0.03%
iter 1426: loss 1.9524, time 43.84ms, mfu 0.03%
iter 1427: loss 1.9742, time 45.46ms, mfu 0.03%
iter 1428: loss 1.9776, time 43.66ms, mfu 0.03%
iter 1429: loss 1.9032, time 43.32ms, mfu 0.03%
iter 1430: loss 2.0341, time 44.31ms, mfu 0.03%
iter 1431: loss 1.9406, time 43.78ms, mfu 0.03%
iter 1432: loss 1.9622, time 49.32ms, mfu 0.03%
iter 1433: loss 1.8801, time 46.57ms, mfu 0.03%
iter 1434: loss 1.8584, time 42.78ms, mfu 0.03%
iter 1435: loss 1.9158, time 42.74ms, mfu 0.03%
iter 1436: loss 1.8889, time 43.18ms, mfu 0.03%
iter 1437: loss 1.8978, time 43.00ms, mfu 0.03%
iter 1438: loss 2.0160, time 43.17ms, mfu 0.03%
iter 1439: loss 1.9067, time 43.19ms, mfu 0.03%
iter 1440: loss 1.8964, time 43.25ms, mfu 0.03%
iter 1441: loss 2.0598, time 43.77ms, mfu 0.03%
iter 1442: loss 1.8449, time 43.76ms, mfu 0.03%
iter 1443: loss 1.9584, time 43.10ms, mfu 0.03%
iter 1444: loss 1.8528, time 43.39ms, mfu 0.03%
iter 1445: loss 1.9736, time 43.13ms, mfu 0.03%
iter 1446: loss 1.7860, time 43.05ms, mfu 0.03%
iter 1447: loss 1.8999, time 43.14ms, mfu 0.03%
iter 1448: loss 1.8546, time 43.39ms, mfu 0.03%
iter 1449: loss 1.9662, time 42.63ms, mfu 0.03%
iter 1450: loss 2.0350, time 43.97ms, mfu 0.03%
iter 1451: loss 1.9193, time 43.69ms, mfu 0.03%
iter 1452: loss 1.9530, time 43.06ms, mfu 0.03%
iter 1453: loss 1.9852, time 42.59ms, mfu 0.03%
iter 1454: loss 2.0302, time 61.43ms, mfu 0.03%
iter 1455: loss 1.8710, time 107.88ms, mfu 0.03%
iter 1456: loss 1.8817, time 97.91ms, mfu 0.03%
iter 1457: loss 1.8561, time 68.45ms, mfu 0.03%
iter 1458: loss 1.9684, time 43.53ms, mfu 0.03%
iter 1459: loss 1.9363, time 43.18ms, mfu 0.03%
iter 1460: loss 1.9431, time 42.88ms, mfu 0.03%
iter 1461: loss 1.9598, time 43.59ms, mfu 0.03%
iter 1462: loss 1.8877, time 43.22ms, mfu 0.03%
iter 1463: loss 2.0397, time 42.85ms, mfu 0.03%
iter 1464: loss 1.8505, time 43.00ms, mfu 0.03%
iter 1465: loss 1.9079, time 44.90ms, mfu 0.03%
iter 1466: loss 2.1327, time 44.02ms, mfu 0.03%
iter 1467: loss 1.9577, time 44.44ms, mfu 0.03%
iter 1468: loss 2.0658, time 44.52ms, mfu 0.03%
iter 1469: loss 1.8847, time 43.89ms, mfu 0.03%
iter 1470: loss 2.0384, time 43.46ms, mfu 0.03%
iter 1471: loss 1.9853, time 44.08ms, mfu 0.03%
iter 1472: loss 2.0204, time 43.71ms, mfu 0.03%
iter 1473: loss 1.8352, time 44.05ms, mfu 0.03%
iter 1474: loss 1.9242, time 45.35ms, mfu 0.03%
iter 1475: loss 1.8801, time 43.13ms, mfu 0.03%
iter 1476: loss 1.9286, time 43.21ms, mfu 0.03%
iter 1477: loss 1.8841, time 43.06ms, mfu 0.03%
iter 1478: loss 1.8445, time 42.75ms, mfu 0.03%
iter 1479: loss 1.9902, time 43.25ms, mfu 0.03%
iter 1480: loss 1.9473, time 42.99ms, mfu 0.03%
iter 1481: loss 1.9549, time 43.31ms, mfu 0.03%
iter 1482: loss 1.9068, time 43.02ms, mfu 0.03%
iter 1483: loss 1.9383, time 44.53ms, mfu 0.03%
iter 1484: loss 1.8976, time 43.62ms, mfu 0.03%
iter 1485: loss 2.0308, time 43.36ms, mfu 0.03%
iter 1486: loss 1.7960, time 44.57ms, mfu 0.03%
iter 1487: loss 1.8672, time 43.40ms, mfu 0.03%
iter 1488: loss 1.9843, time 43.28ms, mfu 0.03%
iter 1489: loss 2.0188, time 43.73ms, mfu 0.03%
iter 1490: loss 1.8005, time 43.41ms, mfu 0.03%
iter 1491: loss 1.8505, time 42.82ms, mfu 0.03%
iter 1492: loss 1.9004, time 44.79ms, mfu 0.03%
iter 1493: loss 1.9239, time 43.55ms, mfu 0.03%
iter 1494: loss 1.8649, time 42.72ms, mfu 0.03%
iter 1495: loss 1.8647, time 42.82ms, mfu 0.03%
iter 1496: loss 1.8404, time 43.16ms, mfu 0.03%
iter 1497: loss 1.8821, time 43.05ms, mfu 0.03%
iter 1498: loss 1.9338, time 42.56ms, mfu 0.03%
iter 1499: loss 1.9434, time 43.46ms, mfu 0.03%
step 1500: train loss 1.8827, val loss 1.9073
saving checkpoint to out-reddit-clean
iter 1500: loss 1.8914, time 587.85ms, mfu 0.03%
iter 1501: loss 1.8797, time 44.90ms, mfu 0.03%
iter 1502: loss 1.9682, time 44.90ms, mfu 0.03%
iter 1503: loss 1.8471, time 45.31ms, mfu 0.03%
iter 1504: loss 1.8880, time 44.10ms, mfu 0.03%
iter 1505: loss 1.9668, time 43.84ms, mfu 0.03%
iter 1506: loss 1.8432, time 44.16ms, mfu 0.03%
iter 1507: loss 1.8055, time 44.14ms, mfu 0.03%
iter 1508: loss 1.9855, time 44.55ms, mfu 0.03%
iter 1509: loss 1.8984, time 43.05ms, mfu 0.03%
iter 1510: loss 1.9274, time 43.00ms, mfu 0.03%
iter 1511: loss 1.8231, time 43.03ms, mfu 0.03%
iter 1512: loss 1.9868, time 44.01ms, mfu 0.03%
iter 1513: loss 1.8476, time 47.35ms, mfu 0.03%
iter 1514: loss 1.8833, time 44.94ms, mfu 0.03%
iter 1515: loss 1.9081, time 46.64ms, mfu 0.03%
iter 1516: loss 1.9664, time 44.64ms, mfu 0.03%
iter 1517: loss 1.9267, time 44.33ms, mfu 0.03%
iter 1518: loss 1.9420, time 43.34ms, mfu 0.03%
iter 1519: loss 1.8161, time 44.39ms, mfu 0.03%
iter 1520: loss 1.7865, time 44.89ms, mfu 0.03%
iter 1521: loss 1.8390, time 43.04ms, mfu 0.03%
iter 1522: loss 1.8136, time 43.37ms, mfu 0.03%
iter 1523: loss 1.8538, time 43.73ms, mfu 0.03%
iter 1524: loss 1.9379, time 43.52ms, mfu 0.03%
iter 1525: loss 2.0253, time 43.31ms, mfu 0.03%
iter 1526: loss 1.9310, time 44.19ms, mfu 0.03%
iter 1527: loss 1.8389, time 44.76ms, mfu 0.03%
iter 1528: loss 1.9414, time 43.70ms, mfu 0.03%
iter 1529: loss 1.8725, time 44.02ms, mfu 0.03%
iter 1530: loss 1.8271, time 43.23ms, mfu 0.03%
iter 1531: loss 1.9376, time 43.44ms, mfu 0.03%
iter 1532: loss 1.8683, time 43.07ms, mfu 0.03%
iter 1533: loss 1.7693, time 42.58ms, mfu 0.03%
iter 1534: loss 1.8020, time 45.13ms, mfu 0.03%
iter 1535: loss 1.8877, time 45.70ms, mfu 0.03%
iter 1536: loss 1.8986, time 72.13ms, mfu 0.03%
iter 1537: loss 1.9883, time 69.67ms, mfu 0.03%
iter 1538: loss 2.0996, time 48.01ms, mfu 0.03%
iter 1539: loss 1.8788, time 45.74ms, mfu 0.03%
iter 1540: loss 1.9446, time 43.51ms, mfu 0.03%
iter 1541: loss 1.7743, time 43.27ms, mfu 0.03%
iter 1542: loss 1.8708, time 43.02ms, mfu 0.03%
iter 1543: loss 1.9866, time 43.13ms, mfu 0.03%
iter 1544: loss 1.8742, time 42.91ms, mfu 0.03%
iter 1545: loss 1.8601, time 42.73ms, mfu 0.03%
iter 1546: loss 1.8987, time 60.19ms, mfu 0.03%
iter 1547: loss 1.8084, time 104.01ms, mfu 0.03%
iter 1548: loss 1.7729, time 89.74ms, mfu 0.03%
iter 1549: loss 1.8665, time 81.31ms, mfu 0.02%
iter 1550: loss 1.9089, time 44.33ms, mfu 0.02%
iter 1551: loss 1.8500, time 43.23ms, mfu 0.03%
iter 1552: loss 1.9749, time 43.23ms, mfu 0.03%
iter 1553: loss 1.9540, time 43.26ms, mfu 0.03%
iter 1554: loss 1.7450, time 45.33ms, mfu 0.03%
iter 1555: loss 1.7563, time 43.23ms, mfu 0.03%
iter 1556: loss 1.8310, time 43.44ms, mfu 0.03%
iter 1557: loss 1.9264, time 43.11ms, mfu 0.03%
iter 1558: loss 1.9747, time 45.72ms, mfu 0.03%
iter 1559: loss 1.8015, time 46.76ms, mfu 0.03%
iter 1560: loss 1.8903, time 48.21ms, mfu 0.03%
iter 1561: loss 1.8752, time 44.59ms, mfu 0.03%
iter 1562: loss 1.9315, time 44.05ms, mfu 0.03%
iter 1563: loss 1.6917, time 43.24ms, mfu 0.03%
iter 1564: loss 1.9560, time 43.74ms, mfu 0.03%
iter 1565: loss 2.0208, time 44.52ms, mfu 0.03%
iter 1566: loss 1.9138, time 43.98ms, mfu 0.03%
iter 1567: loss 1.9697, time 46.15ms, mfu 0.03%
iter 1568: loss 1.8659, time 45.09ms, mfu 0.03%
iter 1569: loss 1.8820, time 44.95ms, mfu 0.03%
iter 1570: loss 1.7987, time 45.10ms, mfu 0.03%
iter 1571: loss 1.8602, time 45.41ms, mfu 0.03%
iter 1572: loss 1.8468, time 44.48ms, mfu 0.03%
iter 1573: loss 1.8474, time 44.69ms, mfu 0.03%
iter 1574: loss 1.8284, time 45.15ms, mfu 0.03%
iter 1575: loss 1.8243, time 44.61ms, mfu 0.03%
iter 1576: loss 1.9829, time 45.56ms, mfu 0.03%
iter 1577: loss 1.8662, time 43.43ms, mfu 0.03%
iter 1578: loss 1.8877, time 43.44ms, mfu 0.03%
iter 1579: loss 1.9931, time 44.26ms, mfu 0.03%
iter 1580: loss 1.8061, time 46.99ms, mfu 0.03%
iter 1581: loss 2.0388, time 43.43ms, mfu 0.03%
iter 1582: loss 1.7169, time 43.31ms, mfu 0.03%
iter 1583: loss 1.8615, time 44.69ms, mfu 0.03%
iter 1584: loss 1.9628, time 43.60ms, mfu 0.03%
iter 1585: loss 1.9643, time 43.57ms, mfu 0.03%
iter 1586: loss 1.8224, time 43.06ms, mfu 0.03%
iter 1587: loss 1.9813, time 43.39ms, mfu 0.03%
iter 1588: loss 1.9199, time 44.77ms, mfu 0.03%
iter 1589: loss 1.9251, time 44.79ms, mfu 0.03%
iter 1590: loss 1.9749, time 44.10ms, mfu 0.03%
iter 1591: loss 1.9231, time 45.84ms, mfu 0.03%
iter 1592: loss 1.9079, time 44.15ms, mfu 0.03%
iter 1593: loss 1.9688, time 44.24ms, mfu 0.03%
iter 1594: loss 1.8911, time 44.32ms, mfu 0.03%
iter 1595: loss 2.0142, time 44.95ms, mfu 0.03%
iter 1596: loss 1.8644, time 44.27ms, mfu 0.03%
iter 1597: loss 1.9760, time 43.79ms, mfu 0.03%
iter 1598: loss 1.7686, time 44.84ms, mfu 0.03%
iter 1599: loss 1.7927, time 44.96ms, mfu 0.03%
iter 1600: loss 1.8000, time 44.03ms, mfu 0.03%
iter 1601: loss 2.0155, time 43.86ms, mfu 0.03%
iter 1602: loss 1.7850, time 44.68ms, mfu 0.03%
iter 1603: loss 1.9238, time 44.43ms, mfu 0.03%
iter 1604: loss 1.9113, time 44.76ms, mfu 0.03%
iter 1605: loss 1.8640, time 43.71ms, mfu 0.03%
iter 1606: loss 1.9601, time 44.59ms, mfu 0.03%
iter 1607: loss 1.7513, time 43.63ms, mfu 0.03%
iter 1608: loss 1.8774, time 45.26ms, mfu 0.03%
iter 1609: loss 2.0867, time 43.77ms, mfu 0.03%
iter 1610: loss 1.7808, time 43.58ms, mfu 0.03%
iter 1611: loss 1.9168, time 44.02ms, mfu 0.03%
iter 1612: loss 1.7224, time 43.33ms, mfu 0.03%
iter 1613: loss 1.8673, time 44.89ms, mfu 0.03%
iter 1614: loss 1.9225, time 43.45ms, mfu 0.03%
iter 1615: loss 1.9267, time 43.07ms, mfu 0.03%
iter 1616: loss 1.7874, time 43.20ms, mfu 0.03%
iter 1617: loss 1.9240, time 43.77ms, mfu 0.03%
iter 1618: loss 1.9273, time 43.27ms, mfu 0.03%
iter 1619: loss 1.8658, time 43.12ms, mfu 0.03%
iter 1620: loss 1.8743, time 43.52ms, mfu 0.03%
iter 1621: loss 1.9196, time 43.41ms, mfu 0.03%
iter 1622: loss 1.9356, time 43.87ms, mfu 0.03%
iter 1623: loss 1.8761, time 45.08ms, mfu 0.03%
iter 1624: loss 1.9068, time 43.43ms, mfu 0.03%
iter 1625: loss 1.8594, time 43.72ms, mfu 0.03%
iter 1626: loss 1.8918, time 43.48ms, mfu 0.03%
iter 1627: loss 1.9119, time 43.42ms, mfu 0.03%
iter 1628: loss 1.8684, time 43.14ms, mfu 0.03%
iter 1629: loss 1.9494, time 44.39ms, mfu 0.03%
iter 1630: loss 1.8154, time 44.54ms, mfu 0.03%
iter 1631: loss 1.8274, time 43.40ms, mfu 0.03%
iter 1632: loss 1.8058, time 43.36ms, mfu 0.03%
iter 1633: loss 1.8470, time 43.23ms, mfu 0.03%
iter 1634: loss 1.8224, time 44.38ms, mfu 0.03%
iter 1635: loss 1.8380, time 45.60ms, mfu 0.03%
iter 1636: loss 1.8571, time 43.49ms, mfu 0.03%
iter 1637: loss 2.0383, time 44.30ms, mfu 0.03%
iter 1638: loss 1.9431, time 45.11ms, mfu 0.03%
iter 1639: loss 1.9626, time 45.44ms, mfu 0.03%
iter 1640: loss 1.8228, time 43.87ms, mfu 0.03%
iter 1641: loss 1.8226, time 43.56ms, mfu 0.03%
iter 1642: loss 1.9421, time 42.92ms, mfu 0.03%
iter 1643: loss 1.8872, time 43.03ms, mfu 0.03%
iter 1644: loss 1.8168, time 61.63ms, mfu 0.03%
iter 1645: loss 1.9376, time 74.74ms, mfu 0.03%
iter 1646: loss 2.2164, time 52.57ms, mfu 0.03%
iter 1647: loss 1.7645, time 47.76ms, mfu 0.03%
iter 1648: loss 1.7968, time 44.64ms, mfu 0.03%
iter 1649: loss 1.8519, time 43.04ms, mfu 0.03%
iter 1650: loss 1.9124, time 43.06ms, mfu 0.03%
iter 1651: loss 1.8773, time 73.67ms, mfu 0.03%
iter 1652: loss 1.7041, time 113.14ms, mfu 0.03%
iter 1653: loss 1.7544, time 80.06ms, mfu 0.02%
iter 1654: loss 1.7761, time 68.60ms, mfu 0.02%
iter 1655: loss 1.8952, time 44.10ms, mfu 0.02%
iter 1656: loss 1.9570, time 43.10ms, mfu 0.02%
iter 1657: loss 1.8429, time 44.16ms, mfu 0.03%
iter 1658: loss 1.9107, time 43.29ms, mfu 0.03%
iter 1659: loss 1.9295, time 43.92ms, mfu 0.03%
iter 1660: loss 1.9053, time 44.38ms, mfu 0.03%
iter 1661: loss 1.8370, time 43.07ms, mfu 0.03%
iter 1662: loss 2.0169, time 43.17ms, mfu 0.03%
iter 1663: loss 1.8635, time 43.78ms, mfu 0.03%
iter 1664: loss 1.8147, time 43.89ms, mfu 0.03%
iter 1665: loss 1.7711, time 43.88ms, mfu 0.03%
iter 1666: loss 1.9237, time 42.93ms, mfu 0.03%
iter 1667: loss 1.7810, time 47.75ms, mfu 0.03%
iter 1668: loss 1.8408, time 47.49ms, mfu 0.03%
iter 1669: loss 1.9140, time 45.41ms, mfu 0.03%
iter 1670: loss 1.8530, time 43.45ms, mfu 0.03%
iter 1671: loss 1.7792, time 43.75ms, mfu 0.03%
iter 1672: loss 1.8377, time 43.67ms, mfu 0.03%
iter 1673: loss 1.9542, time 44.74ms, mfu 0.03%
iter 1674: loss 1.9326, time 45.55ms, mfu 0.03%
iter 1675: loss 1.9889, time 44.13ms, mfu 0.03%
iter 1676: loss 1.8439, time 43.93ms, mfu 0.03%
iter 1677: loss 1.8670, time 43.42ms, mfu 0.03%
iter 1678: loss 1.9356, time 43.41ms, mfu 0.03%
iter 1679: loss 1.9456, time 43.63ms, mfu 0.03%
iter 1680: loss 1.8023, time 42.71ms, mfu 0.03%
iter 1681: loss 1.8228, time 43.71ms, mfu 0.03%
iter 1682: loss 1.8874, time 44.26ms, mfu 0.03%
iter 1683: loss 1.8520, time 43.42ms, mfu 0.03%
iter 1684: loss 1.8054, time 53.02ms, mfu 0.03%
iter 1685: loss 1.8090, time 51.10ms, mfu 0.03%
iter 1686: loss 1.9687, time 46.45ms, mfu 0.03%
iter 1687: loss 1.7937, time 43.28ms, mfu 0.03%
iter 1688: loss 1.7884, time 43.44ms, mfu 0.03%
iter 1689: loss 1.8929, time 44.05ms, mfu 0.03%
iter 1690: loss 1.6940, time 44.80ms, mfu 0.03%
iter 1691: loss 1.7438, time 43.93ms, mfu 0.03%
iter 1692: loss 1.8455, time 43.82ms, mfu 0.03%
iter 1693: loss 1.9068, time 43.56ms, mfu 0.03%
iter 1694: loss 1.9772, time 43.58ms, mfu 0.03%
iter 1695: loss 1.9514, time 44.09ms, mfu 0.03%
iter 1696: loss 1.8785, time 45.08ms, mfu 0.03%
iter 1697: loss 1.8561, time 43.41ms, mfu 0.03%
iter 1698: loss 1.8981, time 44.36ms, mfu 0.03%
iter 1699: loss 1.9172, time 45.35ms, mfu 0.03%
iter 1700: loss 1.8804, time 43.10ms, mfu 0.03%
iter 1701: loss 1.9844, time 43.45ms, mfu 0.03%
iter 1702: loss 1.8654, time 43.15ms, mfu 0.03%
iter 1703: loss 1.8824, time 43.35ms, mfu 0.03%
iter 1704: loss 1.7777, time 43.13ms, mfu 0.03%
iter 1705: loss 1.9083, time 42.73ms, mfu 0.03%
iter 1706: loss 1.8460, time 42.86ms, mfu 0.03%
iter 1707: loss 1.9437, time 43.03ms, mfu 0.03%
iter 1708: loss 1.8674, time 44.23ms, mfu 0.03%
iter 1709: loss 1.9295, time 43.57ms, mfu 0.03%
iter 1710: loss 1.9558, time 43.56ms, mfu 0.03%
iter 1711: loss 1.8015, time 43.01ms, mfu 0.03%
iter 1712: loss 1.8481, time 43.45ms, mfu 0.03%
iter 1713: loss 1.7598, time 44.04ms, mfu 0.03%
iter 1714: loss 1.9236, time 45.33ms, mfu 0.03%
iter 1715: loss 1.8657, time 44.81ms, mfu 0.03%
iter 1716: loss 1.8159, time 43.65ms, mfu 0.03%
iter 1717: loss 1.8512, time 43.73ms, mfu 0.03%
iter 1718: loss 1.8746, time 43.72ms, mfu 0.03%
iter 1719: loss 1.8013, time 43.15ms, mfu 0.03%
iter 1720: loss 1.8502, time 44.03ms, mfu 0.03%
iter 1721: loss 1.8248, time 44.83ms, mfu 0.03%
iter 1722: loss 1.8807, time 43.80ms, mfu 0.03%
iter 1723: loss 1.7762, time 43.27ms, mfu 0.03%
iter 1724: loss 1.8470, time 43.21ms, mfu 0.03%
iter 1725: loss 2.0254, time 43.98ms, mfu 0.03%
iter 1726: loss 1.8391, time 43.00ms, mfu 0.03%
iter 1727: loss 1.8475, time 43.00ms, mfu 0.03%
iter 1728: loss 1.7861, time 43.67ms, mfu 0.03%
iter 1729: loss 1.7962, time 44.25ms, mfu 0.03%
iter 1730: loss 1.8795, time 43.39ms, mfu 0.03%
iter 1731: loss 1.9340, time 43.65ms, mfu 0.03%
iter 1732: loss 1.8992, time 44.14ms, mfu 0.03%
iter 1733: loss 1.8961, time 43.18ms, mfu 0.03%
iter 1734: loss 1.9877, time 43.59ms, mfu 0.03%
iter 1735: loss 1.8332, time 44.12ms, mfu 0.03%
iter 1736: loss 1.9009, time 43.44ms, mfu 0.03%
iter 1737: loss 1.9177, time 43.57ms, mfu 0.03%
iter 1738: loss 1.8621, time 43.65ms, mfu 0.03%
iter 1739: loss 1.8755, time 43.63ms, mfu 0.03%
iter 1740: loss 1.8500, time 45.01ms, mfu 0.03%
iter 1741: loss 1.9410, time 43.68ms, mfu 0.03%
iter 1742: loss 1.9442, time 43.34ms, mfu 0.03%
iter 1743: loss 1.8329, time 44.00ms, mfu 0.03%
iter 1744: loss 1.9287, time 43.84ms, mfu 0.03%
iter 1745: loss 1.8647, time 43.52ms, mfu 0.03%
iter 1746: loss 1.8456, time 43.68ms, mfu 0.03%
iter 1747: loss 1.8885, time 45.60ms, mfu 0.03%
iter 1748: loss 1.8691, time 44.20ms, mfu 0.03%
iter 1749: loss 1.8303, time 43.71ms, mfu 0.03%
step 1750: train loss 1.8985, val loss 1.8596
saving checkpoint to out-reddit-clean
iter 1750: loss 1.9211, time 809.68ms, mfu 0.03%
iter 1751: loss 1.8546, time 45.17ms, mfu 0.03%
iter 1752: loss 1.8455, time 43.30ms, mfu 0.03%
iter 1753: loss 1.7563, time 44.12ms, mfu 0.03%
iter 1754: loss 1.8207, time 42.90ms, mfu 0.03%
iter 1755: loss 1.7676, time 43.82ms, mfu 0.03%
iter 1756: loss 1.8494, time 47.69ms, mfu 0.03%
iter 1757: loss 1.9851, time 46.88ms, mfu 0.03%
iter 1758: loss 1.9488, time 44.98ms, mfu 0.03%
iter 1759: loss 1.8483, time 47.93ms, mfu 0.03%
iter 1760: loss 1.9118, time 48.73ms, mfu 0.03%
iter 1761: loss 1.7339, time 44.79ms, mfu 0.03%
iter 1762: loss 1.8026, time 44.69ms, mfu 0.03%
iter 1763: loss 1.7307, time 43.32ms, mfu 0.03%
iter 1764: loss 1.8381, time 45.39ms, mfu 0.03%
iter 1765: loss 1.8997, time 46.57ms, mfu 0.03%
iter 1766: loss 2.0774, time 45.94ms, mfu 0.03%
iter 1767: loss 1.8513, time 43.32ms, mfu 0.03%
iter 1768: loss 1.7819, time 43.40ms, mfu 0.03%
iter 1769: loss 1.8446, time 43.79ms, mfu 0.03%
iter 1770: loss 1.8662, time 44.09ms, mfu 0.03%
iter 1771: loss 1.8489, time 45.02ms, mfu 0.03%
iter 1772: loss 1.8580, time 44.02ms, mfu 0.03%
iter 1773: loss 1.8014, time 42.80ms, mfu 0.03%
iter 1774: loss 1.8157, time 43.11ms, mfu 0.03%
iter 1775: loss 1.9322, time 42.85ms, mfu 0.03%
iter 1776: loss 1.8355, time 43.15ms, mfu 0.03%
iter 1777: loss 2.0906, time 43.39ms, mfu 0.03%
iter 1778: loss 1.7981, time 44.97ms, mfu 0.03%
iter 1779: loss 1.8738, time 43.10ms, mfu 0.03%
iter 1780: loss 1.8724, time 44.53ms, mfu 0.03%
iter 1781: loss 1.8939, time 44.52ms, mfu 0.03%
iter 1782: loss 1.7518, time 45.00ms, mfu 0.03%
iter 1783: loss 1.8482, time 46.84ms, mfu 0.03%
iter 1784: loss 1.9839, time 44.47ms, mfu 0.03%
iter 1785: loss 1.6859, time 43.72ms, mfu 0.03%
iter 1786: loss 1.8772, time 42.94ms, mfu 0.03%
iter 1787: loss 1.9391, time 43.53ms, mfu 0.03%
iter 1788: loss 1.8687, time 43.85ms, mfu 0.03%
iter 1789: loss 1.9236, time 42.95ms, mfu 0.03%
iter 1790: loss 1.8135, time 43.15ms, mfu 0.03%
iter 1791: loss 1.8121, time 43.45ms, mfu 0.03%
iter 1792: loss 1.6991, time 43.03ms, mfu 0.03%
iter 1793: loss 1.8776, time 43.33ms, mfu 0.03%
iter 1794: loss 1.8119, time 44.46ms, mfu 0.03%
iter 1795: loss 1.7485, time 43.52ms, mfu 0.03%
iter 1796: loss 1.7679, time 43.29ms, mfu 0.03%
iter 1797: loss 1.8859, time 43.32ms, mfu 0.03%
iter 1798: loss 1.8639, time 43.59ms, mfu 0.03%
iter 1799: loss 1.8213, time 42.69ms, mfu 0.03%
iter 1800: loss 1.9202, time 42.70ms, mfu 0.03%
iter 1801: loss 1.8971, time 42.42ms, mfu 0.03%
iter 1802: loss 1.8461, time 43.50ms, mfu 0.03%
iter 1803: loss 1.7475, time 43.04ms, mfu 0.03%
iter 1804: loss 1.7853, time 42.75ms, mfu 0.03%
iter 1805: loss 1.7762, time 43.01ms, mfu 0.03%
iter 1806: loss 1.9084, time 43.17ms, mfu 0.03%
iter 1807: loss 1.7424, time 43.07ms, mfu 0.03%
iter 1808: loss 1.9216, time 43.20ms, mfu 0.03%
iter 1809: loss 1.8093, time 42.80ms, mfu 0.03%
iter 1810: loss 1.8693, time 43.26ms, mfu 0.03%
iter 1811: loss 1.8431, time 45.29ms, mfu 0.03%
iter 1812: loss 1.7027, time 43.62ms, mfu 0.03%
iter 1813: loss 1.9483, time 43.17ms, mfu 0.03%
iter 1814: loss 1.8359, time 42.64ms, mfu 0.03%
iter 1815: loss 1.7483, time 42.91ms, mfu 0.03%
iter 1816: loss 1.7802, time 43.86ms, mfu 0.03%
iter 1817: loss 1.8613, time 43.73ms, mfu 0.03%
iter 1818: loss 1.7675, time 43.70ms, mfu 0.03%
iter 1819: loss 1.8832, time 43.07ms, mfu 0.03%
iter 1820: loss 1.9289, time 42.93ms, mfu 0.03%
iter 1821: loss 1.7838, time 43.30ms, mfu 0.03%
iter 1822: loss 1.7265, time 43.01ms, mfu 0.03%
iter 1823: loss 1.7930, time 45.17ms, mfu 0.03%
iter 1824: loss 2.0017, time 42.74ms, mfu 0.03%
iter 1825: loss 1.8182, time 43.83ms, mfu 0.03%
iter 1826: loss 1.8748, time 42.94ms, mfu 0.03%
iter 1827: loss 1.9351, time 42.94ms, mfu 0.03%
iter 1828: loss 1.7997, time 43.46ms, mfu 0.03%
iter 1829: loss 1.8231, time 43.66ms, mfu 0.03%
iter 1830: loss 1.9629, time 43.35ms, mfu 0.03%
iter 1831: loss 1.9018, time 45.87ms, mfu 0.03%
iter 1832: loss 1.8097, time 43.69ms, mfu 0.03%
iter 1833: loss 1.8378, time 43.35ms, mfu 0.03%
iter 1834: loss 1.8359, time 45.05ms, mfu 0.03%
iter 1835: loss 1.9565, time 44.27ms, mfu 0.03%
iter 1836: loss 1.8686, time 43.36ms, mfu 0.03%
iter 1837: loss 1.9394, time 42.82ms, mfu 0.03%
iter 1838: loss 1.8444, time 42.86ms, mfu 0.03%
iter 1839: loss 1.8184, time 42.78ms, mfu 0.03%
iter 1840: loss 1.8215, time 45.67ms, mfu 0.03%
iter 1841: loss 2.0866, time 43.38ms, mfu 0.03%
iter 1842: loss 1.8571, time 43.57ms, mfu 0.03%
iter 1843: loss 1.8145, time 43.99ms, mfu 0.03%
iter 1844: loss 1.7757, time 43.49ms, mfu 0.03%
iter 1845: loss 1.9755, time 52.56ms, mfu 0.03%
iter 1846: loss 1.9109, time 44.09ms, mfu 0.03%
iter 1847: loss 1.9182, time 43.54ms, mfu 0.03%
iter 1848: loss 1.7758, time 43.47ms, mfu 0.03%
iter 1849: loss 1.8345, time 45.21ms, mfu 0.03%
iter 1850: loss 1.8481, time 43.41ms, mfu 0.03%
iter 1851: loss 1.8582, time 43.44ms, mfu 0.03%
iter 1852: loss 1.9109, time 43.81ms, mfu 0.03%
iter 1853: loss 1.8180, time 57.42ms, mfu 0.03%
iter 1854: loss 2.0024, time 109.01ms, mfu 0.03%
iter 1855: loss 1.8133, time 88.13ms, mfu 0.03%
iter 1856: loss 1.8935, time 78.67ms, mfu 0.02%
iter 1857: loss 1.8790, time 51.97ms, mfu 0.02%
iter 1858: loss 1.8727, time 43.87ms, mfu 0.03%
iter 1859: loss 1.7996, time 44.37ms, mfu 0.03%
iter 1860: loss 1.8442, time 43.13ms, mfu 0.03%
iter 1861: loss 1.8304, time 43.26ms, mfu 0.03%
iter 1862: loss 1.8563, time 44.92ms, mfu 0.03%
iter 1863: loss 1.7647, time 42.66ms, mfu 0.03%
iter 1864: loss 1.9679, time 44.90ms, mfu 0.03%
iter 1865: loss 1.8612, time 47.54ms, mfu 0.03%
iter 1866: loss 1.9056, time 42.92ms, mfu 0.03%
iter 1867: loss 1.7805, time 43.91ms, mfu 0.03%
iter 1868: loss 1.9469, time 43.71ms, mfu 0.03%
iter 1869: loss 1.8895, time 43.65ms, mfu 0.03%
iter 1870: loss 1.8992, time 43.46ms, mfu 0.03%
iter 1871: loss 1.7999, time 43.73ms, mfu 0.03%
iter 1872: loss 1.8092, time 52.85ms, mfu 0.03%
iter 1873: loss 1.8635, time 81.28ms, mfu 0.03%
iter 1874: loss 1.8734, time 53.16ms, mfu 0.03%
iter 1875: loss 1.9170, time 49.83ms, mfu 0.03%
iter 1876: loss 1.9046, time 43.50ms, mfu 0.03%
iter 1877: loss 1.8926, time 43.16ms, mfu 0.03%
iter 1878: loss 1.7606, time 43.99ms, mfu 0.03%
iter 1879: loss 1.7125, time 43.14ms, mfu 0.03%
iter 1880: loss 1.8120, time 43.89ms, mfu 0.03%
iter 1881: loss 1.8412, time 43.35ms, mfu 0.03%
iter 1882: loss 1.7044, time 43.23ms, mfu 0.03%
iter 1883: loss 1.9033, time 43.35ms, mfu 0.03%
iter 1884: loss 1.9822, time 42.97ms, mfu 0.03%
iter 1885: loss 1.9450, time 43.40ms, mfu 0.03%
iter 1886: loss 1.7882, time 43.11ms, mfu 0.03%
iter 1887: loss 1.7463, time 43.26ms, mfu 0.03%
iter 1888: loss 1.8061, time 43.68ms, mfu 0.03%
iter 1889: loss 1.7061, time 43.15ms, mfu 0.03%
iter 1890: loss 1.8439, time 43.38ms, mfu 0.03%
iter 1891: loss 1.9394, time 42.92ms, mfu 0.03%
iter 1892: loss 1.9365, time 42.82ms, mfu 0.03%
iter 1893: loss 1.9750, time 44.11ms, mfu 0.03%
iter 1894: loss 1.7757, time 43.66ms, mfu 0.03%
iter 1895: loss 1.7796, time 43.28ms, mfu 0.03%
iter 1896: loss 1.7603, time 45.98ms, mfu 0.03%
iter 1897: loss 1.7415, time 43.37ms, mfu 0.03%
iter 1898: loss 1.7988, time 43.31ms, mfu 0.03%
iter 1899: loss 1.9156, time 48.11ms, mfu 0.03%
iter 1900: loss 1.7775, time 47.78ms, mfu 0.03%
iter 1901: loss 1.8715, time 43.68ms, mfu 0.03%
iter 1902: loss 1.7856, time 86.92ms, mfu 0.03%
iter 1903: loss 1.8133, time 43.96ms, mfu 0.03%
iter 1904: loss 1.8643, time 43.85ms, mfu 0.03%
iter 1905: loss 1.8182, time 43.67ms, mfu 0.03%
iter 1906: loss 1.7770, time 43.22ms, mfu 0.03%
iter 1907: loss 1.9298, time 44.51ms, mfu 0.03%
iter 1908: loss 1.7984, time 43.28ms, mfu 0.03%
iter 1909: loss 1.9072, time 43.29ms, mfu 0.03%
iter 1910: loss 1.8004, time 43.18ms, mfu 0.03%
iter 1911: loss 1.9461, time 42.88ms, mfu 0.03%
iter 1912: loss 1.9207, time 43.60ms, mfu 0.03%
iter 1913: loss 1.8334, time 43.23ms, mfu 0.03%
iter 1914: loss 1.7541, time 43.25ms, mfu 0.03%
iter 1915: loss 1.8808, time 43.18ms, mfu 0.03%
iter 1916: loss 1.8272, time 43.66ms, mfu 0.03%
iter 1917: loss 1.8399, time 43.74ms, mfu 0.03%
iter 1918: loss 1.8410, time 43.08ms, mfu 0.03%
iter 1919: loss 1.9238, time 42.94ms, mfu 0.03%
iter 1920: loss 1.7535, time 44.18ms, mfu 0.03%
iter 1921: loss 1.8046, time 43.39ms, mfu 0.03%
iter 1922: loss 1.8358, time 43.24ms, mfu 0.03%
iter 1923: loss 1.7832, time 42.90ms, mfu 0.03%
iter 1924: loss 1.8931, time 43.13ms, mfu 0.03%
iter 1925: loss 1.8006, time 43.34ms, mfu 0.03%
iter 1926: loss 1.8465, time 43.85ms, mfu 0.03%
iter 1927: loss 1.8445, time 43.05ms, mfu 0.03%
iter 1928: loss 1.8045, time 42.92ms, mfu 0.03%
iter 1929: loss 1.7535, time 42.74ms, mfu 0.03%
iter 1930: loss 1.8999, time 43.45ms, mfu 0.03%
iter 1931: loss 1.8883, time 42.80ms, mfu 0.03%
iter 1932: loss 1.8340, time 43.20ms, mfu 0.03%
iter 1933: loss 1.8483, time 43.18ms, mfu 0.03%
iter 1934: loss 1.8248, time 43.22ms, mfu 0.03%
iter 1935: loss 2.0604, time 43.23ms, mfu 0.03%
iter 1936: loss 1.8068, time 43.45ms, mfu 0.03%
iter 1937: loss 1.9689, time 42.95ms, mfu 0.03%
iter 1938: loss 1.8280, time 43.03ms, mfu 0.03%
iter 1939: loss 1.8626, time 42.98ms, mfu 0.03%
iter 1940: loss 1.7812, time 43.40ms, mfu 0.03%
iter 1941: loss 1.8285, time 42.57ms, mfu 0.03%
iter 1942: loss 1.7924, time 43.44ms, mfu 0.03%
iter 1943: loss 2.1182, time 43.29ms, mfu 0.03%
iter 1944: loss 1.7689, time 43.64ms, mfu 0.03%
iter 1945: loss 1.8614, time 43.66ms, mfu 0.03%
iter 1946: loss 1.8181, time 43.36ms, mfu 0.03%
iter 1947: loss 1.9366, time 42.80ms, mfu 0.03%
iter 1948: loss 1.8703, time 42.57ms, mfu 0.03%
iter 1949: loss 1.8488, time 44.47ms, mfu 0.03%
iter 1950: loss 1.7870, time 43.78ms, mfu 0.03%
iter 1951: loss 1.7855, time 45.36ms, mfu 0.03%
iter 1952: loss 1.7809, time 42.90ms, mfu 0.03%
iter 1953: loss 1.7089, time 44.09ms, mfu 0.03%
iter 1954: loss 1.8249, time 43.53ms, mfu 0.03%
iter 1955: loss 1.8828, time 43.55ms, mfu 0.03%
iter 1956: loss 1.7729, time 43.79ms, mfu 0.03%
iter 1957: loss 1.7528, time 43.43ms, mfu 0.03%
iter 1958: loss 1.7909, time 43.18ms, mfu 0.03%
iter 1959: loss 1.9186, time 43.36ms, mfu 0.03%
iter 1960: loss 1.7549, time 43.99ms, mfu 0.03%
iter 1961: loss 1.8728, time 80.04ms, mfu 0.03%
iter 1962: loss 1.9322, time 92.44ms, mfu 0.03%
iter 1963: loss 1.9126, time 146.03ms, mfu 0.03%
iter 1964: loss 1.7955, time 69.93ms, mfu 0.02%
iter 1965: loss 1.9016, time 43.58ms, mfu 0.02%
iter 1966: loss 1.8612, time 46.35ms, mfu 0.03%
iter 1967: loss 1.9053, time 45.39ms, mfu 0.03%
iter 1968: loss 1.8821, time 45.94ms, mfu 0.03%
iter 1969: loss 2.1992, time 43.91ms, mfu 0.03%
iter 1970: loss 1.8351, time 43.61ms, mfu 0.03%
iter 1971: loss 1.7740, time 43.79ms, mfu 0.03%
iter 1972: loss 1.7506, time 43.63ms, mfu 0.03%
iter 1973: loss 2.0144, time 45.98ms, mfu 0.03%
iter 1974: loss 1.7982, time 42.95ms, mfu 0.03%
iter 1975: loss 1.8197, time 43.30ms, mfu 0.03%
iter 1976: loss 1.9043, time 43.25ms, mfu 0.03%
iter 1977: loss 1.8090, time 43.10ms, mfu 0.03%
iter 1978: loss 1.7587, time 44.26ms, mfu 0.03%
iter 1979: loss 1.9426, time 50.32ms, mfu 0.03%
iter 1980: loss 1.8270, time 79.44ms, mfu 0.03%
iter 1981: loss 1.8182, time 47.39ms, mfu 0.03%
iter 1982: loss 1.7630, time 52.96ms, mfu 0.03%
iter 1983: loss 1.8396, time 48.64ms, mfu 0.03%
iter 1984: loss 1.9745, time 45.72ms, mfu 0.03%
iter 1985: loss 1.9178, time 43.98ms, mfu 0.03%
iter 1986: loss 1.7917, time 43.47ms, mfu 0.03%
iter 1987: loss 1.7427, time 42.78ms, mfu 0.03%
iter 1988: loss 1.8559, time 43.73ms, mfu 0.03%
iter 1989: loss 2.0131, time 44.22ms, mfu 0.03%
iter 1990: loss 1.8002, time 42.37ms, mfu 0.03%
iter 1991: loss 1.7274, time 42.74ms, mfu 0.03%
iter 1992: loss 1.8326, time 42.79ms, mfu 0.03%
iter 1993: loss 1.8784, time 42.90ms, mfu 0.03%
iter 1994: loss 1.8385, time 43.16ms, mfu 0.03%
iter 1995: loss 1.8114, time 43.13ms, mfu 0.03%
iter 1996: loss 2.0224, time 42.71ms, mfu 0.03%
iter 1997: loss 1.8766, time 43.39ms, mfu 0.03%
iter 1998: loss 1.6987, time 43.71ms, mfu 0.03%
iter 1999: loss 1.8372, time 43.22ms, mfu 0.03%
step 2000: train loss 1.8424, val loss 1.8423
saving checkpoint to out-reddit-clean
iter 2000: loss 1.8091, time 598.10ms, mfu 0.03%
